#
# A fatal error has been detected by the Java Runtime Environment:
#
#  SIGSEGV (0xb) at pc=0x000000011fa120d2, pid=2815, tid=4867
#
# JRE version: Java(TM) SE Runtime Environment (8.0_45-b14) (build 1.8.0_45-b14)
# Java VM: Java HotSpot(TM) 64-Bit Server VM (25.45-b02 mixed mode bsd-amd64 compressed oops)
# Problematic frame:
# C  [libR.dylib+0x1360d2]  GetNewPage+0x1a2
#
# Failed to write core dump. Core dumps have been disabled. To enable core dumping, try "ulimit -c unlimited" before starting Java again
#
# If you would like to submit a bug report, please visit:
#   http://bugreport.java.com/bugreport/crash.jsp
# The crash happened outside the Java Virtual Machine in native code.
# See problematic frame for where to report the bug.
#

---------------  T H R E A D  ---------------

Current thread (0x00007faf8980d000):  JavaThread "main" [_thread_in_native, id=4867, stack(0x000000010956a000,0x000000010966a000)]

siginfo: si_signo: 11 (SIGSEGV), si_code: 1 (SEGV_MAPERR), si_addr: 0x0000000000000018

Registers:
RAX=0x000000011fbec080, RBX=0x00007faf8d904808, RCX=0x000000011fbebf48, RDX=0x0000000000000000
RSP=0x0000000109669420, RBP=0x0000000109669460, RSI=0x00000000000007b0, RDI=0x0000000000000000
R8 =0x000000001fffffff, R9 =0x00000000ff000000, R10=0x0000000000000978, R11=0x00007fff93fcb15d
R12=0x0000000000000001, R13=0x0000000000000030, R14=0x0000000000000028, R15=0x0000000020000000
RIP=0x000000011fa120d2, EFLAGS=0x0000000000010202, ERR=0x0000000000000004
  TRAPNO=0x000000000000000e

Top of Stack: (sp=0x0000000109669420)
0x0000000109669420:   0000000109669450 0000000000000000
0x0000000109669430:   0000000109669490 0000000000000000
0x0000000109669440:   0000000000000001 0000000000000001
0x0000000109669450:   000000011fbebf48 0000000000000001
0x0000000109669460:   00000001096694e0 000000011fa1662e
0x0000000109669470:   00000001204445f0 00007faf8980d000
0x0000000109669480:   00007faf8980d000 00007faf8980d000
0x0000000109669490:   00000000ff000000 0000000000600000
0x00000001096694a0:   0000000000000010 00007faf8980d1f8
0x00000001096694b0:   0000000108dfa190 00007faf8980d1f8
0x00000001096694c0:   0000000000000000 00000001204445f0
0x00000001096694d0:   00000001096695e8 00007faf8942e520
0x00000001096694e0:   0000000109669510 000000011d379cbe
0x00000001096694f0:   00000001204445f0 0000000000000000
0x0000000109669500:   0000000000000001 00007faf8980d000
0x0000000109669510:   0000000109669540 000000011d3788a6
0x0000000109669520:   00000001204445f0 00000001096695f0
0x0000000109669530:   00000001204445f0 00000001096695f0
0x0000000109669540:   00000001096695c0 00000001096d4fae
0x0000000109669550:   00000001204445f0 00000001096695f0
0x0000000109669560:   00000001096695c0 00000001096d4859
0x0000000109669570:   0000000000000000 00000007afae5dd0
0x0000000109669580:   0000000109669570 00000001204445f0
0x0000000109669590:   00000001096695f0 0000000120447ae8
0x00000001096695a0:   0000000000000000 00000001204445f0
0x00000001096695b0:   0000000000000000 00000001096695e0
0x00000001096695c0:   0000000109669648 00000001096be7e0
0x00000001096695d0:   0000000000000000 00000001096ca7d7
0x00000001096695e0:   0000000000000001 00000007afaee408
0x00000001096695f0:   00000007afae5dd0 0000000000000000
0x0000000109669600:   00000007afae5dd0 00000001096695f8
0x0000000109669610:   0000000120446aed 00000001096696a8 

Instructions: (pc=0x000000011fa120d2)
0x000000011fa120b2:   50 01 00 00 41 c1 e7 1d 48 8d 4c 11 18 31 d2 41
0x000000011fa120c2:   b8 ff ff ff 1f 66 0f 1f 84 00 00 00 00 00 ff 00
0x000000011fa120d2:   48 8b 77 18 48 89 7b 10 48 89 5f 18 48 89 5e 10
0x000000011fa120e2:   48 89 73 18 8b 35 ac 9c 1d 00 44 21 c6 44 09 fe 

Register to memory mapping:

RAX=0x000000011fbec080: R_GenHeap+0x2b0 in /Library/Frameworks/R.framework/Versions/3.3/Resources/lib/libR.dylib at 0x000000011f8dc000
RBX=0x00007faf8d904808 is an unknown value
RCX=0x000000011fbebf48: R_GenHeap+0x178 in /Library/Frameworks/R.framework/Versions/3.3/Resources/lib/libR.dylib at 0x000000011f8dc000
RDX=0x0000000000000000 is an unknown value
RSP=0x0000000109669420 is pointing into the stack for thread: 0x00007faf8980d000
RBP=0x0000000109669460 is pointing into the stack for thread: 0x00007faf8980d000
RSI=0x00000000000007b0 is an unknown value
RDI=0x0000000000000000 is an unknown value
R8 =0x000000001fffffff is an unknown value
R9 =0x00000000ff000000 is an unknown value
R10=0x0000000000000978 is an unknown value
R11=0x00007fff93fcb15d: malloc+0 in /usr/lib/system/libsystem_malloc.dylib at 0x00007fff93fca000
R12=0x0000000000000001 is an unknown value
R13=0x0000000000000030 is an unknown value
R14=0x0000000000000028 is an unknown value
R15=0x0000000020000000 is an unknown value


Stack: [0x000000010956a000,0x000000010966a000],  sp=0x0000000109669420,  free space=1021k
Native frames: (J=compiled Java code, j=interpreted, Vv=VM code, C=native code)
C  [libR.dylib+0x1360d2]  GetNewPage+0x1a2
C  [libR.dylib+0x13a62e]  Rf_allocVector3+0x26e
C  [libjri.jnilib+0x2cbe]  jri_getString+0x3e
C  [libjri.jnilib+0x18a6]  Java_org_rosuda_JRI_Rengine_rniParse+0x16
j  org.rosuda.JRI.Rengine.rniParse(Ljava/lang/String;I)J+0
j  org.rosuda.JRI.Rengine.eval(Ljava/lang/String;Z)Lorg/rosuda/JRI/REXP;+53
j  org.rosuda.JRI.Rengine.eval(Ljava/lang/String;)Lorg/rosuda/JRI/REXP;+3
j  tamps.cinvestav.mx.utils.jri.VonMisesFisher.loadIndex(Ljava/lang/String;)V+44
j  tamps.cinvestav.mx.utils.jri.VonMisesFisher.applyVonMisesFisherDistribution(Ljava/lang/String;I)Ljava/util/List;+67
j  tamps.cinvestav.mx.main.Main.main([Ljava/lang/String;)V+1170
v  ~StubRoutines::call_stub
V  [libjvm.dylib+0x2e032a]  JavaCalls::call_helper(JavaValue*, methodHandle*, JavaCallArguments*, Thread*)+0x6ae
V  [libjvm.dylib+0x316a36]  jni_invoke_static(JNIEnv_*, JavaValue*, _jobject*, JNICallType, _jmethodID*, JNI_ArgumentPusher*, Thread*)+0x1bf
V  [libjvm.dylib+0x30f7b0]  jni_CallStaticVoidMethod+0x15d
C  [java+0x39ae]  JavaMain+0x9b1
C  [libsystem_pthread.dylib+0x405a]  _pthread_body+0x83
C  [libsystem_pthread.dylib+0x3fd7]  _pthread_body+0x0
C  [libsystem_pthread.dylib+0x13ed]  thread_start+0xd
C  0x0000000000000000

Java frames: (J=compiled Java code, j=interpreted, Vv=VM code)
j  org.rosuda.JRI.Rengine.rniParse(Ljava/lang/String;I)J+0
j  org.rosuda.JRI.Rengine.eval(Ljava/lang/String;Z)Lorg/rosuda/JRI/REXP;+53
j  org.rosuda.JRI.Rengine.eval(Ljava/lang/String;)Lorg/rosuda/JRI/REXP;+3
j  tamps.cinvestav.mx.utils.jri.VonMisesFisher.loadIndex(Ljava/lang/String;)V+44
j  tamps.cinvestav.mx.utils.jri.VonMisesFisher.applyVonMisesFisherDistribution(Ljava/lang/String;I)Ljava/util/List;+67
j  tamps.cinvestav.mx.main.Main.main([Ljava/lang/String;)V+1170
v  ~StubRoutines::call_stub

---------------  P R O C E S S  ---------------

Java Threads: ( => current thread )
  0x00007faf8b02c800 JavaThread "Service Thread" daemon [_thread_blocked, id=19715, stack(0x000000011f202000,0x000000011f302000)]
  0x00007faf8a015000 JavaThread "C1 CompilerThread2" daemon [_thread_blocked, id=19203, stack(0x000000011f0ff000,0x000000011f1ff000)]
  0x00007faf8a016800 JavaThread "C2 CompilerThread1" daemon [_thread_blocked, id=18691, stack(0x000000011effc000,0x000000011f0fc000)]
  0x00007faf8b024000 JavaThread "C2 CompilerThread0" daemon [_thread_blocked, id=18179, stack(0x000000011eef9000,0x000000011eff9000)]
  0x00007faf8b023000 JavaThread "JDWP Command Reader" daemon [_thread_in_native, id=17667, stack(0x000000011edf6000,0x000000011eef6000)]
  0x00007faf8b022800 JavaThread "JDWP Event Helper Thread" daemon [_thread_blocked, id=17155, stack(0x000000011ecf3000,0x000000011edf3000)]
  0x00007faf8b021800 JavaThread "JDWP Transport Listener: dt_socket" daemon [_thread_blocked, id=16643, stack(0x000000011ebf0000,0x000000011ecf0000)]
  0x00007faf8a856800 JavaThread "Signal Dispatcher" daemon [_thread_blocked, id=13331, stack(0x000000011eae6000,0x000000011ebe6000)]
  0x00007faf8b003000 JavaThread "Finalizer" daemon [_thread_blocked, id=11523, stack(0x000000011d0c3000,0x000000011d1c3000)]
  0x00007faf8a84d800 JavaThread "Reference Handler" daemon [_thread_blocked, id=11011, stack(0x000000011cfc0000,0x000000011d0c0000)]
=>0x00007faf8980d000 JavaThread "main" [_thread_in_native, id=4867, stack(0x000000010956a000,0x000000010966a000)]

Other Threads:
  0x00007faf8a84d000 VMThread [stack: 0x000000011cebd000,0x000000011cfbd000] [id=10499]
  0x00007faf8b02d800 WatcherThread [stack: 0x000000011f305000,0x000000011f405000] [id=20227]

VM state:not at safepoint (normal execution)

VM Mutex/Monitor currently owned by a thread: None

Heap:
 PSYoungGen      total 232448K, used 86018K [0x00000007aab00000, 0x00000007bea80000, 0x00000007c0000000)
  eden space 143360K, 60% used [0x00000007aab00000,0x00000007aff00818,0x00000007b3700000)
  from space 89088K, 0% used [0x00000007b3700000,0x00000007b3700000,0x00000007b8e00000)
  to   space 91136K, 0% used [0x00000007b9180000,0x00000007b9180000,0x00000007bea80000)
 ParOldGen       total 311296K, used 207249K [0x0000000780000000, 0x0000000793000000, 0x00000007aab00000)
  object space 311296K, 66% used [0x0000000780000000,0x000000078ca647d0,0x0000000793000000)
 Metaspace       used 14392K, capacity 14576K, committed 14976K, reserved 1062912K
  class space    used 1492K, capacity 1558K, committed 1664K, reserved 1048576K

Card table byte_map: [0x0000000118a77000,0x0000000118c78000] byte_map_base: 0x0000000114e77000

Marking Bits: (ParMarkBitMap*) 0x0000000108ec27a0
 Begin Bits: [0x00000001191da000, 0x000000011a1da000)
 End Bits:   [0x000000011a1da000, 0x000000011b1da000)

Polling page: 0x0000000107de5000

CodeCache: size=245760Kb used=9746Kb max_used=9746Kb free=236013Kb
 bounds [0x00000001096b7000, 0x000000010a067000, 0x00000001186b7000]
 total_blobs=2832 nmethods=2435 adapters=318
 compilation: enabled

Compilation events (10 events):
Event: 921.421 Thread 0x00007faf8a015000 2850       3       tamps.cinvestav.mx.utils.Utils::createFeatureVectors (509 bytes)
Event: 921.425 Thread 0x00007faf8a015000 nmethod 2850 0x000000010a03ea10 code [0x000000010a03f0c0, 0x000000010a043a58]
Event: 922.214 Thread 0x00007faf8b024000 2851 %     4       tamps.cinvestav.mx.utils.Utils::createFeatureVectors @ 102 (509 bytes)
Event: 922.349 Thread 0x00007faf8b024000 nmethod 2851% 0x000000010a04b9d0 code [0x000000010a04bda0, 0x000000010a04f278]
Event: 923.089 Thread 0x00007faf8a015000 2852       3       java.util.ArrayList::remove (77 bytes)
Event: 923.089 Thread 0x00007faf8a015000 nmethod 2852 0x00000001098e4410 code [0x00000001098e45e0, 0x00000001098e4b28]
Event: 923.089 Thread 0x00007faf8a015000 2853       3       java.util.ArrayList::fastRemove (57 bytes)
Event: 923.090 Thread 0x00007faf8a015000 nmethod 2853 0x00000001097da910 code [0x00000001097daaa0, 0x00000001097daea8]
Event: 923.090 Thread 0x00007faf8a015000 2854 %     3       tamps.cinvestav.mx.utils.Utils::createFeatureVectors @ 478 (509 bytes)
Event: 923.093 Thread 0x00007faf8a015000 nmethod 2854% 0x000000010a051f50 code [0x000000010a0525c0, 0x000000010a056b98]

GC Heap History (10 events):
Event: 724.238 GC heap before
{Heap before GC invocations=67 (full 3):
 PSYoungGen      total 241152K, used 189376K [0x00000007aab00000, 0x00000007bf680000, 0x00000007c0000000)
  eden space 139264K, 100% used [0x00000007aab00000,0x00000007b3300000,0x00000007b3300000)
  from space 101888K, 49% used [0x00000007b3300000,0x00000007b63f0000,0x00000007b9680000)
  to   space 98304K, 0% used [0x00000007b9680000,0x00000007b9680000,0x00000007bf680000)
 ParOldGen       total 210944K, used 163295K [0x0000000780000000, 0x000000078ce00000, 0x00000007aab00000)
  object space 210944K, 77% used [0x0000000780000000,0x0000000789f77f70,0x000000078ce00000)
 Metaspace       used 14445K, capacity 14686K, committed 14976K, reserved 1062912K
  class space    used 1507K, capacity 1593K, committed 1664K, reserved 1048576K
Event: 724.327 GC heap after
Heap after GC invocations=67 (full 3):
 PSYoungGen      total 228864K, used 44752K [0x00000007aab00000, 0x00000007beb80000, 0x00000007c0000000)
  eden space 141824K, 0% used [0x00000007aab00000,0x00000007aab00000,0x00000007b3580000)
  from space 87040K, 51% used [0x00000007b9680000,0x00000007bc234010,0x00000007beb80000)
  to   space 93184K, 0% used [0x00000007b3580000,0x00000007b3580000,0x00000007b9080000)
 ParOldGen       total 210944K, used 168025K [0x0000000780000000, 0x000000078ce00000, 0x00000007aab00000)
  object space 210944K, 79% used [0x0000000780000000,0x000000078a4167a0,0x000000078ce00000)
 Metaspace       used 14445K, capacity 14686K, committed 14976K, reserved 1062912K
  class space    used 1507K, capacity 1593K, committed 1664K, reserved 1048576K
}
Event: 795.362 GC heap before
{Heap before GC invocations=68 (full 3):
 PSYoungGen      total 228864K, used 186576K [0x00000007aab00000, 0x00000007beb80000, 0x00000007c0000000)
  eden space 141824K, 100% used [0x00000007aab00000,0x00000007b3580000,0x00000007b3580000)
  from space 87040K, 51% used [0x00000007b9680000,0x00000007bc234010,0x00000007beb80000)
  to   space 93184K, 0% used [0x00000007b3580000,0x00000007b3580000,0x00000007b9080000)
 ParOldGen       total 210944K, used 168025K [0x0000000780000000, 0x000000078ce00000, 0x00000007aab00000)
  object space 210944K, 79% used [0x0000000780000000,0x000000078a4167a0,0x000000078ce00000)
 Metaspace       used 14445K, capacity 14686K, committed 14976K, reserved 1062912K
  class space    used 1507K, capacity 1593K, committed 1664K, reserved 1048576K
Event: 795.394 GC heap after
Heap after GC invocations=68 (full 3):
 PSYoungGen      total 178176K, used 36240K [0x00000007aab00000, 0x00000007be780000, 0x00000007c0000000)
  eden space 141824K, 0% used [0x00000007aab00000,0x00000007aab00000,0x00000007b3580000)
  from space 36352K, 99% used [0x00000007b3580000,0x00000007b58e4010,0x00000007b5900000)
  to   space 90112K, 0% used [0x00000007b8f80000,0x00000007b8f80000,0x00000007be780000)
 ParOldGen       total 210944K, used 175594K [0x0000000780000000, 0x000000078ce00000, 0x00000007aab00000)
  object space 210944K, 83% used [0x0000000780000000,0x000000078ab7a968,0x000000078ce00000)
 Metaspace       used 14445K, capacity 14686K, committed 14976K, reserved 1062912K
  class space    used 1507K, capacity 1593K, committed 1664K, reserved 1048576K
}
Event: 857.342 GC heap before
{Heap before GC invocations=69 (full 3):
 PSYoungGen      total 178176K, used 178064K [0x00000007aab00000, 0x00000007be780000, 0x00000007c0000000)
  eden space 141824K, 100% used [0x00000007aab00000,0x00000007b3580000,0x00000007b3580000)
  from space 36352K, 99% used [0x00000007b3580000,0x00000007b58e4010,0x00000007b5900000)
  to   space 90112K, 0% used [0x00000007b8f80000,0x00000007b8f80000,0x00000007be780000)
 ParOldGen       total 210944K, used 175594K [0x0000000780000000, 0x000000078ce00000, 0x00000007aab00000)
  object space 210944K, 83% used [0x0000000780000000,0x000000078ab7a968,0x000000078ce00000)
 Metaspace       used 14445K, capacity 14686K, committed 14976K, reserved 1062912K
  class space    used 1507K, capacity 1593K, committed 1664K, reserved 1048576K
Event: 857.450 GC heap after
Heap after GC invocations=69 (full 3):
 PSYoungGen      total 230912K, used 22848K [0x00000007aab00000, 0x00000007be500000, 0x00000007c0000000)
  eden space 143360K, 0% used [0x00000007aab00000,0x00000007aab00000,0x00000007b3700000)
  from space 87552K, 26% used [0x00000007b8f80000,0x00000007ba5d0000,0x00000007be500000)
  to   space 89088K, 0% used [0x00000007b3700000,0x00000007b3700000,0x00000007b8e00000)
 ParOldGen       total 210944K, used 187542K [0x0000000780000000, 0x000000078ce00000, 0x00000007aab00000)
  object space 210944K, 88% used [0x0000000780000000,0x000000078b725958,0x000000078ce00000)
 Metaspace       used 14445K, capacity 14686K, committed 14976K, reserved 1062912K
  class space    used 1507K, capacity 1593K, committed 1664K, reserved 1048576K
}
Event: 908.885 GC heap before
{Heap before GC invocations=70 (full 3):
 PSYoungGen      total 230912K, used 166208K [0x00000007aab00000, 0x00000007be500000, 0x00000007c0000000)
  eden space 143360K, 100% used [0x00000007aab00000,0x00000007b3700000,0x00000007b3700000)
  from space 87552K, 26% used [0x00000007b8f80000,0x00000007ba5d0000,0x00000007be500000)
  to   space 89088K, 0% used [0x00000007b3700000,0x00000007b3700000,0x00000007b8e00000)
 ParOldGen       total 210944K, used 187542K [0x0000000780000000, 0x000000078ce00000, 0x00000007aab00000)
  object space 210944K, 88% used [0x0000000780000000,0x000000078b725958,0x000000078ce00000)
 Metaspace       used 14445K, capacity 14686K, committed 14976K, reserved 1062912K
  class space    used 1507K, capacity 1593K, committed 1664K, reserved 1048576K
Event: 908.905 GC heap after
Heap after GC invocations=70 (full 3):
 PSYoungGen      total 232448K, used 4208K [0x00000007aab00000, 0x00000007bea80000, 0x00000007c0000000)
  eden space 143360K, 0% used [0x00000007aab00000,0x00000007aab00000,0x00000007b3700000)
  from space 89088K, 4% used [0x00000007b3700000,0x00000007b3b1c010,0x00000007b8e00000)
  to   space 91136K, 0% used [0x00000007b9180000,0x00000007b9180000,0x00000007bea80000)
 ParOldGen       total 210944K, used 204166K [0x0000000780000000, 0x000000078ce00000, 0x00000007aab00000)
  object space 210944K, 96% used [0x0000000780000000,0x000000078c761828,0x000000078ce00000)
 Metaspace       used 14445K, capacity 14686K, committed 14976K, reserved 1062912K
  class space    used 1507K, capacity 1593K, committed 1664K, reserved 1048576K
}
Event: 908.905 GC heap before
{Heap before GC invocations=71 (full 4):
 PSYoungGen      total 232448K, used 4208K [0x00000007aab00000, 0x00000007bea80000, 0x00000007c0000000)
  eden space 143360K, 0% used [0x00000007aab00000,0x00000007aab00000,0x00000007b3700000)
  from space 89088K, 4% used [0x00000007b3700000,0x00000007b3b1c010,0x00000007b8e00000)
  to   space 91136K, 0% used [0x00000007b9180000,0x00000007b9180000,0x00000007bea80000)
 ParOldGen       total 210944K, used 204166K [0x0000000780000000, 0x000000078ce00000, 0x00000007aab00000)
  object space 210944K, 96% used [0x0000000780000000,0x000000078c761828,0x000000078ce00000)
 Metaspace       used 14445K, capacity 14686K, committed 14976K, reserved 1062912K
  class space    used 1507K, capacity 1593K, committed 1664K, reserved 1048576K
Event: 910.145 GC heap after
Heap after GC invocations=71 (full 4):
 PSYoungGen      total 232448K, used 0K [0x00000007aab00000, 0x00000007bea80000, 0x00000007c0000000)
  eden space 143360K, 0% used [0x00000007aab00000,0x00000007aab00000,0x00000007b3700000)
  from space 89088K, 0% used [0x00000007b3700000,0x00000007b3700000,0x00000007b8e00000)
  to   space 91136K, 0% used [0x00000007b9180000,0x00000007b9180000,0x00000007bea80000)
 ParOldGen       total 311296K, used 207249K [0x0000000780000000, 0x0000000793000000, 0x00000007aab00000)
  object space 311296K, 66% used [0x0000000780000000,0x000000078ca647d0,0x0000000793000000)
 Metaspace       used 14335K, capacity 14512K, committed 14976K, reserved 1062912K
  class space    used 1488K, capacity 1558K, committed 1664K, reserved 1048576K
}

Deoptimization events (10 events):
Event: 51.475 Thread 0x00007faf8980d000 Uncommon trap: reason=unstable_if action=reinterpret pc=0x0000000109d924ec method=java.nio.charset.CoderResult.isUnderflow()Z @ 4
Event: 51.476 Thread 0x00007faf8980d000 Uncommon trap: reason=unstable_if action=reinterpret pc=0x0000000109cffd38 method=java.nio.charset.CoderResult.isUnderflow()Z @ 4
Event: 53.956 Thread 0x00007faf8980d000 Uncommon trap: reason=unreached action=reinterpret pc=0x0000000109ce39e0 method=tamps.cinvestav.mx.utils.Utils.createWordSpace(Ltamps/cinvestav/mx/Multiprototype/Corpus;)V @ 239
Event: 53.980 Thread 0x00007faf8980d000 Uncommon trap: reason=unreached action=reinterpret pc=0x00000001097dd30c method=tamps.cinvestav.mx.utils.Utils.createWordSpace(Ltamps/cinvestav/mx/Multiprototype/Corpus;)V @ 192
Event: 57.935 Thread 0x00007faf8980d000 Uncommon trap: reason=unreached action=reinterpret pc=0x0000000109fd48c8 method=tamps.cinvestav.mx.utils.Utils.createWordSpace(Ltamps/cinvestav/mx/Multiprototype/Corpus;)V @ 423
Event: 58.607 Thread 0x00007faf8980d000 Uncommon trap: reason=unstable_if action=reinterpret pc=0x000000010a013db0 method=tamps.cinvestav.mx.utils.Utils.printWordSpace(Ltamps/cinvestav/mx/Multiprototype/Corpus;Ljava/lang/String;)V @ 261
Event: 64.560 Thread 0x00007faf8980d000 Uncommon trap: reason=unstable_if action=reinterpret pc=0x000000010a010594 method=tamps.cinvestav.mx.utils.Utils.calculateT(Ltamps/cinvestav/mx/Multiprototype/Corpus;Ljava/lang/String;)D @ 225
Event: 923.088 Thread 0x00007faf8980d000 Uncommon trap: reason=unstable_if action=reinterpret pc=0x000000010a04e6f4 method=tamps.cinvestav.mx.utils.Utils.createFeatureVectors(Ltamps/cinvestav/mx/Multiprototype/Corpus;)V @ 465
Event: 923.149 Thread 0x00007faf8980d000 Uncommon trap: reason=unstable_if action=reinterpret pc=0x0000000109ce3158 method=java.nio.charset.Charset.lookup(Ljava/lang/String;)Ljava/nio/charset/Charset; @ 29
Event: 923.150 Thread 0x00007faf8980d000 Uncommon trap: reason=unstable_if action=reinterpret pc=0x0000000109f19590 method=java.lang.StringCoding.safeTrim([CILjava/nio/charset/Charset;Z)[C @ 7

Internal exceptions (10 events):
Event: 0.928 Thread 0x00007faf8980d000 Exception <a 'java/lang/NoSuchFieldError': method resolution failed> (0x00000007aae05bd8) thrown at [/Users/java_re/workspace/8-2-build-macosx-x86_64/jdk8u45/3457/hotspot/src/share/vm/prims/methodHandles.cpp, line 1125]
Event: 0.955 Thread 0x00007faf8980d000 Exception <a 'java/lang/NoClassDefFoundError': org/slf4j/impl/StaticLoggerBinder> (0x00000007aaecd750) thrown at [/Users/java_re/workspace/8-2-build-macosx-x86_64/jdk8u45/3457/hotspot/src/share/vm/classfile/systemDictionary.cpp, line 199]
Event: 1.064 Thread 0x00007faf8980d000 Implicit null exception at 0x0000000109824942 to 0x0000000109824a51
Event: 2.742 Thread 0x00007faf8980d000 Implicit null exception at 0x000000010994a82d to 0x000000010994a981
Event: 4.446 Thread 0x00007faf8980d000 Implicit null exception at 0x0000000109c60bb6 to 0x0000000109c61171
Event: 4.446 Thread 0x00007faf8980d000 Implicit null exception at 0x0000000109c5ae23 to 0x0000000109c5b172
Event: 6.271 Thread 0x00007faf8980d000 Exception <a 'sun/nio/fs/UnixException'> (0x00000007afa2cfa0) thrown at [/Users/java_re/workspace/8-2-build-macosx-x86_64/jdk8u45/3457/hotspot/src/share/vm/prims/jni.cpp, line 709]
Event: 6.306 Thread 0x00007faf8980d000 Implicit null exception at 0x0000000109957c6b to 0x0000000109957e31
Event: 58.607 Thread 0x00007faf8980d000 Implicit null exception at 0x000000010a012826 to 0x000000010a013d89
Event: 64.560 Thread 0x00007faf8980d000 Implicit null exception at 0x000000010a00f79b to 0x000000010a010561

Events (10 events):
Event: 923.501 Thread 0x00007faf8980d000 DEOPT PACKING pc=0x00000001098ecb71 sp=0x0000000109668470
Event: 923.501 Thread 0x00007faf8980d000 DEOPT UNPACKING pc=0x00000001096fe633 sp=0x00000001096681e0 mode 1
Event: 923.501 Thread 0x00007faf8980d000 DEOPT PACKING pc=0x0000000109842954 sp=0x00000001096684f0
Event: 923.501 Thread 0x00007faf8980d000 DEOPT UNPACKING pc=0x00000001096fe633 sp=0x0000000109668330 mode 1
Event: 923.501 Thread 0x00007faf8980d000 DEOPT PACKING pc=0x00000001098426f4 sp=0x0000000109668680
Event: 923.501 Thread 0x00007faf8980d000 DEOPT UNPACKING pc=0x00000001096fe633 sp=0x00000001096684c0 mode 1
Event: 923.501 Thread 0x00007faf8a86c800 Thread added: 0x00007faf8a86c800
Event: 923.502 Executing VM operation: RevokeBias
Event: 923.502 Executing VM operation: RevokeBias done
Event: 923.502 Thread 0x00007faf8a86c800 Thread exited: 0x00007faf8a86c800


Dynamic libraries:
0x0000000008c11000 	/System/Library/Frameworks/Cocoa.framework/Versions/A/Cocoa
0x0000000008c11000 	/System/Library/Frameworks/Security.framework/Versions/A/Security
0x0000000008c11000 	/System/Library/Frameworks/ApplicationServices.framework/Versions/A/ApplicationServices
0x0000000008c11000 	/usr/lib/libz.1.dylib
0x0000000008c11000 	/usr/lib/libSystem.B.dylib
0x0000000008c11000 	/usr/lib/libobjc.A.dylib
0x0000000008c11000 	/System/Library/Frameworks/CoreFoundation.framework/Versions/A/CoreFoundation
0x0000000008c11000 	/System/Library/Frameworks/Foundation.framework/Versions/C/Foundation
0x0000000008c11000 	/System/Library/Frameworks/AppKit.framework/Versions/C/AppKit
0x0000000008c11000 	/System/Library/Frameworks/CoreData.framework/Versions/A/CoreData
0x0000000008c11000 	/System/Library/PrivateFrameworks/RemoteViewServices.framework/Versions/A/RemoteViewServices
0x0000000008c11000 	/System/Library/PrivateFrameworks/UIFoundation.framework/Versions/A/UIFoundation
0x0000000008c11000 	/System/Library/Frameworks/IOSurface.framework/Versions/A/IOSurface
0x0000000008c11000 	/System/Library/Frameworks/AudioToolbox.framework/Versions/A/AudioToolbox
0x0000000008c11000 	/System/Library/Frameworks/AudioUnit.framework/Versions/A/AudioUnit
0x0000000008c11000 	/System/Library/PrivateFrameworks/DataDetectorsCore.framework/Versions/A/DataDetectorsCore
0x0000000008c11000 	/System/Library/PrivateFrameworks/DesktopServicesPriv.framework/Versions/A/DesktopServicesPriv
0x0000000008c11000 	/System/Library/Frameworks/Carbon.framework/Versions/A/Frameworks/HIToolbox.framework/Versions/A/HIToolbox
0x0000000008c11000 	/System/Library/Frameworks/QuartzCore.framework/Versions/A/QuartzCore
0x0000000008c11000 	/System/Library/Frameworks/Carbon.framework/Versions/A/Frameworks/SpeechRecognition.framework/Versions/A/SpeechRecognition
0x0000000008c11000 	/usr/lib/libauto.dylib
0x0000000008c11000 	/usr/lib/libicucore.A.dylib
0x0000000008c11000 	/usr/lib/libxml2.2.dylib
0x0000000008c11000 	/System/Library/PrivateFrameworks/CoreUI.framework/Versions/A/CoreUI
0x0000000008c11000 	/System/Library/Frameworks/CoreAudio.framework/Versions/A/CoreAudio
0x0000000008c11000 	/System/Library/Frameworks/DiskArbitration.framework/Versions/A/DiskArbitration
0x0000000008c11000 	/usr/lib/liblangid.dylib
0x0000000008c11000 	/System/Library/PrivateFrameworks/MultitouchSupport.framework/Versions/A/MultitouchSupport
0x0000000008c11000 	/System/Library/Frameworks/IOKit.framework/Versions/A/IOKit
0x0000000008c11000 	/usr/lib/libDiagnosticMessagesClient.dylib
0x0000000008c11000 	/System/Library/Frameworks/CoreServices.framework/Versions/A/CoreServices
0x0000000008c11000 	/System/Library/PrivateFrameworks/PerformanceAnalysis.framework/Versions/A/PerformanceAnalysis
0x0000000008c11000 	/System/Library/PrivateFrameworks/GenerationalStorage.framework/Versions/A/GenerationalStorage
0x0000000008c11000 	/System/Library/Frameworks/OpenGL.framework/Versions/A/OpenGL
0x0000000008c11000 	/System/Library/PrivateFrameworks/Sharing.framework/Versions/A/Sharing
0x0000000008c11000 	/System/Library/Frameworks/CoreGraphics.framework/Versions/A/CoreGraphics
0x0000000008c11000 	/System/Library/Frameworks/CoreText.framework/Versions/A/CoreText
0x0000000008c11000 	/System/Library/Frameworks/ImageIO.framework/Versions/A/ImageIO
0x0000000008c11000 	/usr/lib/libextension.dylib
0x0000000008c11000 	/System/Library/PrivateFrameworks/Backup.framework/Versions/A/Backup
0x0000000008c11000 	/usr/lib/libarchive.2.dylib
0x0000000008c11000 	/System/Library/Frameworks/CFNetwork.framework/Versions/A/CFNetwork
0x0000000008c11000 	/System/Library/Frameworks/SystemConfiguration.framework/Versions/A/SystemConfiguration
0x0000000008c11000 	/usr/lib/libCRFSuite.dylib
0x0000000008c11000 	/usr/lib/libc++.1.dylib
0x0000000008c11000 	/usr/lib/libc++abi.dylib
0x0000000008c11000 	/usr/lib/system/libcache.dylib
0x0000000008c11000 	/usr/lib/system/libcommonCrypto.dylib
0x0000000008c11000 	/usr/lib/system/libcompiler_rt.dylib
0x0000000008c11000 	/usr/lib/system/libcopyfile.dylib
0x0000000008c11000 	/usr/lib/system/libcorecrypto.dylib
0x0000000008c11000 	/usr/lib/system/libdispatch.dylib
0x0000000008c11000 	/usr/lib/system/libdyld.dylib
0x0000000008c11000 	/usr/lib/system/libkeymgr.dylib
0x0000000008c11000 	/usr/lib/system/liblaunch.dylib
0x0000000008c11000 	/usr/lib/system/libmacho.dylib
0x0000000008c11000 	/usr/lib/system/libquarantine.dylib
0x0000000008c11000 	/usr/lib/system/libremovefile.dylib
0x0000000008c11000 	/usr/lib/system/libsystem_asl.dylib
0x0000000008c11000 	/usr/lib/system/libsystem_blocks.dylib
0x0000000008c11000 	/usr/lib/system/libsystem_c.dylib
0x0000000008c11000 	/usr/lib/system/libsystem_configuration.dylib
0x0000000008c11000 	/usr/lib/system/libsystem_coreservices.dylib
0x0000000008c11000 	/usr/lib/system/libsystem_coretls.dylib
0x0000000008c11000 	/usr/lib/system/libsystem_dnssd.dylib
0x0000000008c11000 	/usr/lib/system/libsystem_info.dylib
0x0000000008c11000 	/usr/lib/system/libsystem_kernel.dylib
0x0000000008c11000 	/usr/lib/system/libsystem_m.dylib
0x0000000008c11000 	/usr/lib/system/libsystem_malloc.dylib
0x0000000008c11000 	/usr/lib/system/libsystem_network.dylib
0x0000000008c11000 	/usr/lib/system/libsystem_networkextension.dylib
0x0000000008c11000 	/usr/lib/system/libsystem_notify.dylib
0x0000000008c11000 	/usr/lib/system/libsystem_platform.dylib
0x0000000008c11000 	/usr/lib/system/libsystem_pthread.dylib
0x0000000008c11000 	/usr/lib/system/libsystem_sandbox.dylib
0x0000000008c11000 	/usr/lib/system/libsystem_secinit.dylib
0x0000000008c11000 	/usr/lib/system/libsystem_stats.dylib
0x0000000008c11000 	/usr/lib/system/libsystem_trace.dylib
0x0000000008c11000 	/usr/lib/system/libunc.dylib
0x0000000008c11000 	/usr/lib/system/libunwind.dylib
0x0000000008c11000 	/usr/lib/system/libxpc.dylib
0x0000000008c11000 	/usr/lib/libbz2.1.0.dylib
0x0000000008c11000 	/usr/lib/liblzma.5.dylib
0x0000000008c11000 	/usr/lib/libbsm.0.dylib
0x0000000008c11000 	/usr/lib/libsqlite3.dylib
0x0000000008c11000 	/usr/lib/system/libkxld.dylib
0x0000000008c11000 	/usr/lib/libxar.1.dylib
0x0000000008c11000 	/usr/lib/libpam.2.dylib
0x0000000008c11000 	/usr/lib/libOpenScriptingUtil.dylib
0x0000000008c11000 	/System/Library/Frameworks/CoreServices.framework/Versions/A/Frameworks/FSEvents.framework/Versions/A/FSEvents
0x0000000008c11000 	/System/Library/Frameworks/CoreServices.framework/Versions/A/Frameworks/CarbonCore.framework/Versions/A/CarbonCore
0x0000000008c11000 	/System/Library/Frameworks/CoreServices.framework/Versions/A/Frameworks/Metadata.framework/Versions/A/Metadata
0x0000000008c11000 	/System/Library/Frameworks/CoreServices.framework/Versions/A/Frameworks/OSServices.framework/Versions/A/OSServices
0x0000000008c11000 	/System/Library/Frameworks/CoreServices.framework/Versions/A/Frameworks/SearchKit.framework/Versions/A/SearchKit
0x0000000008c11000 	/System/Library/Frameworks/CoreServices.framework/Versions/A/Frameworks/AE.framework/Versions/A/AE
0x0000000008c11000 	/System/Library/Frameworks/CoreServices.framework/Versions/A/Frameworks/LaunchServices.framework/Versions/A/LaunchServices
0x0000000008c11000 	/System/Library/Frameworks/CoreServices.framework/Versions/A/Frameworks/DictionaryServices.framework/Versions/A/DictionaryServices
0x0000000008c11000 	/System/Library/Frameworks/NetFS.framework/Versions/A/NetFS
0x0000000008c11000 	/System/Library/PrivateFrameworks/NetAuth.framework/Versions/A/NetAuth
0x0000000008c11000 	/System/Library/PrivateFrameworks/login.framework/Versions/A/Frameworks/loginsupport.framework/Versions/A/loginsupport
0x0000000008c11000 	/System/Library/PrivateFrameworks/TCC.framework/Versions/A/TCC
0x0000000008c11000 	/usr/lib/libmecabra.dylib
0x0000000008c11000 	/System/Library/Frameworks/ApplicationServices.framework/Versions/A/Frameworks/ATS.framework/Versions/A/ATS
0x0000000008c11000 	/System/Library/Frameworks/ApplicationServices.framework/Versions/A/Frameworks/ColorSync.framework/Versions/A/ColorSync
0x0000000008c11000 	/System/Library/Frameworks/ApplicationServices.framework/Versions/A/Frameworks/HIServices.framework/Versions/A/HIServices
0x0000000008c11000 	/System/Library/Frameworks/ApplicationServices.framework/Versions/A/Frameworks/LangAnalysis.framework/Versions/A/LangAnalysis
0x0000000008c11000 	/System/Library/Frameworks/ApplicationServices.framework/Versions/A/Frameworks/PrintCore.framework/Versions/A/PrintCore
0x0000000008c11000 	/System/Library/Frameworks/ApplicationServices.framework/Versions/A/Frameworks/QD.framework/Versions/A/QD
0x0000000008c11000 	/System/Library/Frameworks/ApplicationServices.framework/Versions/A/Frameworks/SpeechSynthesis.framework/Versions/A/SpeechSynthesis
0x0000000008c11000 	/System/Library/Frameworks/Accelerate.framework/Versions/A/Accelerate
0x0000000008c11000 	/System/Library/Frameworks/Accelerate.framework/Versions/A/Frameworks/vImage.framework/Versions/A/vImage
0x0000000008c11000 	/System/Library/Frameworks/Accelerate.framework/Versions/A/Frameworks/vecLib.framework/Versions/A/vecLib
0x0000000008c11000 	/System/Library/Frameworks/Accelerate.framework/Versions/A/Frameworks/vecLib.framework/Versions/A/libvDSP.dylib
0x0000000008c11000 	/System/Library/Frameworks/Accelerate.framework/Versions/A/Frameworks/vecLib.framework/Versions/A/libvMisc.dylib
0x0000000008c11000 	/System/Library/Frameworks/Accelerate.framework/Versions/A/Frameworks/vecLib.framework/Versions/A/libLAPACK.dylib
0x0000000008c11000 	/System/Library/Frameworks/Accelerate.framework/Versions/A/Frameworks/vecLib.framework/Versions/A/libBLAS.dylib
0x0000000008c11000 	/System/Library/Frameworks/Accelerate.framework/Versions/A/Frameworks/vecLib.framework/Versions/A/libLinearAlgebra.dylib
0x0000000008c11000 	/System/Library/Frameworks/ApplicationServices.framework/Versions/A/Frameworks/ATS.framework/Versions/A/Resources/libFontParser.dylib
0x0000000008c11000 	/System/Library/Frameworks/ApplicationServices.framework/Versions/A/Frameworks/ATS.framework/Versions/A/Resources/libFontRegistry.dylib
0x0000000008c11000 	/System/Library/PrivateFrameworks/AppleVPA.framework/Versions/A/AppleVPA
0x0000000008c11000 	/System/Library/PrivateFrameworks/AppleJPEG.framework/Versions/A/AppleJPEG
0x0000000008c11000 	/System/Library/Frameworks/ImageIO.framework/Versions/A/Resources/libJPEG.dylib
0x0000000008c11000 	/System/Library/Frameworks/ImageIO.framework/Versions/A/Resources/libTIFF.dylib
0x0000000008c11000 	/System/Library/Frameworks/ImageIO.framework/Versions/A/Resources/libPng.dylib
0x0000000008c11000 	/System/Library/Frameworks/ImageIO.framework/Versions/A/Resources/libGIF.dylib
0x0000000008c11000 	/System/Library/Frameworks/ImageIO.framework/Versions/A/Resources/libJP2.dylib
0x0000000008c11000 	/System/Library/Frameworks/ImageIO.framework/Versions/A/Resources/libRadiance.dylib
0x0000000008c11000 	/System/Library/Frameworks/CoreVideo.framework/Versions/A/CoreVideo
0x0000000008c11000 	/System/Library/Frameworks/OpenGL.framework/Versions/A/Libraries/libGLU.dylib
0x0000000008c11000 	/System/Library/Frameworks/OpenGL.framework/Versions/A/Libraries/libGFXShared.dylib
0x0000000008c11000 	/System/Library/Frameworks/OpenGL.framework/Versions/A/Libraries/libGL.dylib
0x0000000008c11000 	/System/Library/Frameworks/OpenGL.framework/Versions/A/Libraries/libGLImage.dylib
0x0000000008c11000 	/System/Library/Frameworks/OpenGL.framework/Versions/A/Libraries/libCVMSPluginSupport.dylib
0x0000000008c11000 	/System/Library/Frameworks/OpenGL.framework/Versions/A/Libraries/libCoreVMClient.dylib
0x0000000008c11000 	/usr/lib/libcups.2.dylib
0x0000000008c11000 	/System/Library/Frameworks/Kerberos.framework/Versions/A/Kerberos
0x0000000008c11000 	/System/Library/Frameworks/GSS.framework/Versions/A/GSS
0x0000000008c11000 	/usr/lib/libresolv.9.dylib
0x0000000008c11000 	/usr/lib/libiconv.2.dylib
0x0000000008c11000 	/System/Library/PrivateFrameworks/Heimdal.framework/Versions/A/Heimdal
0x0000000008c11000 	/usr/lib/libheimdal-asn1.dylib
0x0000000008c11000 	/System/Library/Frameworks/OpenDirectory.framework/Versions/A/OpenDirectory
0x0000000008c11000 	/System/Library/PrivateFrameworks/CommonAuth.framework/Versions/A/CommonAuth
0x0000000008c11000 	/System/Library/Frameworks/OpenDirectory.framework/Versions/A/Frameworks/CFOpenDirectory.framework/Versions/A/CFOpenDirectory
0x0000000008c11000 	/System/Library/Frameworks/SecurityFoundation.framework/Versions/A/SecurityFoundation
0x0000000008c11000 	/System/Library/PrivateFrameworks/LanguageModeling.framework/Versions/A/LanguageModeling
0x0000000008c11000 	/usr/lib/libcmph.dylib
0x0000000008c11000 	/System/Library/Frameworks/ServiceManagement.framework/Versions/A/ServiceManagement
0x0000000008c11000 	/usr/lib/libxslt.1.dylib
0x0000000008c11000 	/System/Library/Frameworks/Carbon.framework/Versions/A/Frameworks/Ink.framework/Versions/A/Ink
0x0000000008c11000 	/System/Library/Frameworks/QuartzCore.framework/Versions/A/Frameworks/CoreImage.framework/Versions/A/CoreImage
0x0000000008c11000 	/System/Library/PrivateFrameworks/CrashReporterSupport.framework/Versions/A/CrashReporterSupport
0x0000000008c11000 	/System/Library/Frameworks/OpenCL.framework/Versions/A/OpenCL
0x0000000008c11000 	/System/Library/PrivateFrameworks/FaceCore.framework/Versions/A/FaceCore
0x0000000008c11000 	/System/Library/PrivateFrameworks/Ubiquity.framework/Versions/A/Ubiquity
0x0000000008c11000 	/System/Library/PrivateFrameworks/IconServices.framework/Versions/A/IconServices
0x0000000008c11000 	/System/Library/PrivateFrameworks/ChunkingLibrary.framework/Versions/A/ChunkingLibrary
0x0000000008c11000 	/System/Library/PrivateFrameworks/Apple80211.framework/Versions/A/Apple80211
0x0000000008c11000 	/System/Library/Frameworks/CoreWLAN.framework/Versions/A/CoreWLAN
0x0000000008c11000 	/System/Library/Frameworks/IOBluetooth.framework/Versions/A/IOBluetooth
0x0000000008c11000 	/System/Library/PrivateFrameworks/CoreWiFi.framework/Versions/A/CoreWiFi
0x0000000008c11000 	/System/Library/Frameworks/CoreBluetooth.framework/Versions/A/CoreBluetooth
0x0000000008c11000 	/System/Library/PrivateFrameworks/DebugSymbols.framework/Versions/A/DebugSymbols
0x0000000008c11000 	/System/Library/PrivateFrameworks/CoreSymbolication.framework/Versions/A/CoreSymbolication
0x0000000008c11000 	/System/Library/PrivateFrameworks/Symbolication.framework/Versions/A/Symbolication
0x0000000008c11000 	/System/Library/PrivateFrameworks/SpeechRecognitionCore.framework/Versions/A/SpeechRecognitionCore
0x0000000108600000 	/Library/Java/JavaVirtualMachines/jdk1.8.0_45.jdk/Contents/Home/jre/lib/server/libjvm.dylib
0x0000000008c11000 	/usr/lib/libstdc++.6.dylib
0x0000000107da2000 	/Library/Java/JavaVirtualMachines/jdk1.8.0_45.jdk/Contents/Home/jre/lib/libverify.dylib
0x0000000107db0000 	/Library/Java/JavaVirtualMachines/jdk1.8.0_45.jdk/Contents/Home/jre/lib/libjava.dylib
0x000000010966c000 	/Library/Java/JavaVirtualMachines/jdk1.8.0_45.jdk/Contents/Home/jre/lib/libjdwp.dylib
0x0000000107de6000 	/Library/Java/JavaVirtualMachines/jdk1.8.0_45.jdk/Contents/Home/jre/lib/libnpt.dylib
0x0000000107df3000 	/Library/Java/JavaVirtualMachines/jdk1.8.0_45.jdk/Contents/Home/jre/lib/libzip.dylib
0x000000011d1c5000 	/System/Library/Frameworks/JavaVM.framework/Frameworks/JavaRuntimeSupport.framework/JavaRuntimeSupport
0x000000011d1dd000 	/System/Library/Frameworks/JavaVM.framework/Versions/A/Frameworks/JavaNativeFoundation.framework/Versions/A/JavaNativeFoundation
0x000000011d1f2000 	/System/Library/Frameworks/JavaVM.framework/Versions/A/JavaVM
0x0000000008c11000 	/System/Library/Frameworks/Carbon.framework/Versions/A/Carbon
0x000000011d1ff000 	/System/Library/PrivateFrameworks/JavaLaunching.framework/Versions/A/JavaLaunching
0x0000000008c11000 	/System/Library/Frameworks/Carbon.framework/Versions/A/Frameworks/CommonPanels.framework/Versions/A/CommonPanels
0x0000000008c11000 	/System/Library/Frameworks/Carbon.framework/Versions/A/Frameworks/Help.framework/Versions/A/Help
0x0000000008c11000 	/System/Library/Frameworks/Carbon.framework/Versions/A/Frameworks/ImageCapture.framework/Versions/A/ImageCapture
0x0000000008c11000 	/System/Library/Frameworks/Carbon.framework/Versions/A/Frameworks/OpenScripting.framework/Versions/A/OpenScripting
0x0000000008c11000 	/System/Library/Frameworks/Carbon.framework/Versions/A/Frameworks/Print.framework/Versions/A/Print
0x0000000008c11000 	/System/Library/Frameworks/Carbon.framework/Versions/A/Frameworks/SecurityHI.framework/Versions/A/SecurityHI
0x000000011ebe8000 	/Library/Java/JavaVirtualMachines/jdk1.8.0_45.jdk/Contents/Home/jre/lib/libdt_socket.dylib
0x000000011f5ef000 	/Library/Java/JavaVirtualMachines/jdk1.8.0_45.jdk/Contents/Home/jre/lib/libnio.dylib
0x000000011f5ff000 	/Library/Java/JavaVirtualMachines/jdk1.8.0_45.jdk/Contents/Home/jre/lib/./libnet.dylib
0x000000011f616000 	/Library/Java/JavaVirtualMachines/jdk1.8.0_45.jdk/Contents/Home/jre/lib/libmanagement.dylib
0x000000011d377000 	/Users/lti/Documents/rJava/jri/libjri.jnilib
0x000000011f8dc000 	/Library/Frameworks/R.framework/Versions/3.3/Resources/lib/libR.dylib
0x000000011fd63000 	/usr/lib/libpcre.0.dylib
0x000000011fd96000 	/Library/Frameworks/R.framework/Versions/3.3/Resources/lib/libRblas.dylib
0x000000011fdc6000 	/Library/Frameworks/R.framework/Versions/3.3/Resources/lib/libgfortran.3.dylib
0x0000000120559000 	/Library/Frameworks/R.framework/Versions/3.3/Resources/lib/libquadmath.0.dylib
0x000000012059a000 	/Library/Frameworks/R.framework/Versions/3.3/Resources/lib/libreadline.5.2.dylib
0x000000011f744000 	/Library/Frameworks/R.framework/Versions/3.3/Resources/lib/libgcc_s_x86_64.1.dylib
0x0000000008c11000 	/usr/lib/libncurses.5.4.dylib

VM Arguments:
jvm_args: -agentlib:jdwp=transport=dt_socket,suspend=y,address=localhost:51047 -Djava.library.path=.:/Users/lti/Documents/rJava/jri/ -Dfile.encoding=UTF-8 
java_command: tamps.cinvestav.mx.main.Main /Users/lti/Documents/testMultiprototype/coffee/ /Users/lti/Documents/testPatternTripleExtractionV1/AllSeedsCoffee.txt /Users/lti/Documents/testMultiprototype/output/ /Users/lti/Documents/testMultiprototype/output/finalResult.txt
java_class_path (initial): /Users/lti/Documents/Workspace_Temporal/Multiprototype/Lib/stanford-corenlp-3.6.0-models.jar:/Users/lti/Documents/Workspace_Temporal/Multiprototype/Lib/stanford-corenlp-3.6.0-sources.jar:/Users/lti/Documents/Workspace_Temporal/Multiprototype/target/classes:/Users/lti/.m2/repository/edu/stanford/nlp/stanford-corenlp/3.6.0/stanford-corenlp-3.6.0.jar:/Users/lti/.m2/repository/com/io7m/xom/xom/1.2.10/xom-1.2.10.jar:/Users/lti/.m2/repository/xml-apis/xml-apis/1.3.03/xml-apis-1.3.03.jar:/Users/lti/.m2/repository/xerces/xercesImpl/2.8.0/xercesImpl-2.8.0.jar:/Users/lti/.m2/repository/xalan/xalan/2.7.0/xalan-2.7.0.jar:/Users/lti/.m2/repository/joda-time/joda-time/2.9/joda-time-2.9.jar:/Users/lti/.m2/repository/de/jollyday/jollyday/0.4.7/jollyday-0.4.7.jar:/Users/lti/.m2/repository/javax/xml/bind/jaxb-api/2.2.7/jaxb-api-2.2.7.jar:/Users/lti/.m2/repository/com/googlecode/efficient-java-matrix-library/ejml/0.23/ejml-0.23.jar:/Users/lti/.m2/repository/javax/json/javax.json-api/1.0/javax.json-api-1.0.jar:/Users/lti/.m2/repository/org/slf4j/slf4j-api/1.7.12/slf4j-api-1.7.12.jar:/Users/lti/.m2/repository/edu/stanford/nlp/stanford-corenlp-models/3.6.0/stanford-corenlp-models-3.6.0.jar:/Users/lti/.m2/repository/org/apache/commons/commons-lang3/3.3.2/commons-lang3-3.3.2.jar:/Users/lti/.m2/repository/org/apache/lucene/lucene-core/6.1.0/lucene-core-6.1.0.jar:/Users/lti/.m2/repository/org/apache/lucene/lucene-analyzers-common/6.1.0/lucene-analyzers-common-6.1.0.jar:/Users/lti/.m2/repository/org/apache/lucene/lucene-queryparser/6.1.0/lucene-queryparser-6.1.0.jar:/Users/lti/.m2/repository/org/apache/lucene/lucene-queries/6.1.0/lucene-queries-6.1.0.jar:/Users/lti/.m2/repository/org/apache/lucene/lucene-sandbox/6.1.0/lucene-sandbox-6.1.0.jar:/Users/lti/.m2/repository/com/github/lucarosellini/rJava/JRI/0.9-7/JRI-0.9-7.jar:/Users/lti/.m2/repository/com/github/lucarosellini/rJava/JRIEngine/0.9-7/JRIEngine-0.9-7.jar:/Users/lti/.m2/repository/com/github/lucarosellini/
Launcher Type: SUN_STANDARD

Environment Variables:
PATH=/usr/bin:/bin:/usr/sbin:/sbin
SHELL=/bin/bash
DISPLAY=/private/tmp/com.apple.launchd.EzJuRFU0ex/org.macosforge.xquartz:0

Signal Handlers:
SIGSEGV: [libjvm.dylib+0x58ef95], sa_mask[0]=11111111011111110111111111111111, sa_flags=SA_ONSTACK|SA_RESTART|SA_SIGINFO
SIGBUS: [libjvm.dylib+0x58ef95], sa_mask[0]=11111111011111110111111111111111, sa_flags=SA_RESTART|SA_SIGINFO
SIGFPE: [libjvm.dylib+0x46c108], sa_mask[0]=11111111011111110111111111111111, sa_flags=SA_RESTART|SA_SIGINFO
SIGPIPE: [libjvm.dylib+0x46c108], sa_mask[0]=11111111011111110111111111111111, sa_flags=SA_RESTART|SA_SIGINFO
SIGXFSZ: [libjvm.dylib+0x46c108], sa_mask[0]=11111111011111110111111111111111, sa_flags=SA_RESTART|SA_SIGINFO
SIGILL: [libjvm.dylib+0x46c108], sa_mask[0]=11111111011111110111111111111111, sa_flags=SA_RESTART|SA_SIGINFO
SIGUSR1: SIG_DFL, sa_mask[0]=00000000000000000000000000000000, sa_flags=none
SIGUSR2: [libjvm.dylib+0x46bc26], sa_mask[0]=00100000000000000000000000000000, sa_flags=SA_RESTART|SA_SIGINFO
SIGHUP: [libjvm.dylib+0x46a1f9], sa_mask[0]=11111111011111110111111111111111, sa_flags=SA_RESTART|SA_SIGINFO
SIGINT: [libjvm.dylib+0x46a1f9], sa_mask[0]=11111111011111110111111111111111, sa_flags=SA_RESTART|SA_SIGINFO
SIGTERM: [libjvm.dylib+0x46a1f9], sa_mask[0]=11111111011111110111111111111111, sa_flags=SA_RESTART|SA_SIGINFO
SIGQUIT: [libjvm.dylib+0x46a1f9], sa_mask[0]=11111111011111110111111111111111, sa_flags=SA_RESTART|SA_SIGINFO


---------------  S Y S T E M  ---------------

OS:Bsduname:Darwin 14.5.0 Darwin Kernel Version 14.5.0: Sun Sep 25 22:07:15 PDT 2016; root:xnu-2782.50.9~1/RELEASE_X86_64 x86_64
rlimit: STACK 8192k, CORE 0k, NPROC 709, NOFILE 10240, AS infinity
load average:1.76 1.92 1.91

CPU:total 4 (4 cores per cpu, 1 threads per core) family 6 model 42 stepping 7, cmov, cx8, fxsr, mmx, sse, sse2, sse3, ssse3, sse4.1, sse4.2, popcnt, avx, aes, clmul, tsc, tscinvbit

Memory: 4k page, physical 4194304k(17268k free)

/proc/meminfo:


vm_info: Java HotSpot(TM) 64-Bit Server VM (25.45-b02) for bsd-amd64 JRE (1.8.0_45-b14), built on Apr 10 2015 10:46:38 by "java_re" with gcc 4.2.1 (Based on Apple Inc. build 5658) (LLVM build 2336.11.00)

time: Thu Mar  2 12:19:38 2017
elapsed time: 923 seconds (0d 0h 15m 23s)

