#
# A fatal error has been detected by the Java Runtime Environment:
#
#  SIGSEGV (0xb) at pc=0x000000019c5040d2, pid=1793, tid=4867
#
# JRE version: Java(TM) SE Runtime Environment (8.0_45-b14) (build 1.8.0_45-b14)
# Java VM: Java HotSpot(TM) 64-Bit Server VM (25.45-b02 mixed mode bsd-amd64 compressed oops)
# Problematic frame:
# C  [libR.dylib+0x1360d2]  GetNewPage+0x1a2
#
# Failed to write core dump. Core dumps have been disabled. To enable core dumping, try "ulimit -c unlimited" before starting Java again
#
# If you would like to submit a bug report, please visit:
#   http://bugreport.java.com/bugreport/crash.jsp
# The crash happened outside the Java Virtual Machine in native code.
# See problematic frame for where to report the bug.
#

---------------  T H R E A D  ---------------

Current thread (0x00007fed4b804000):  JavaThread "main" [_thread_in_native, id=4867, stack(0x0000000104d7d000,0x0000000104e7d000)]

siginfo: si_signo: 11 (SIGSEGV), si_code: 1 (SEGV_MAPERR), si_addr: 0x0000000000000018

Registers:
RAX=0x000000019c6de080, RBX=0x00007fed4f885608, RCX=0x000000019c6ddf48, RDX=0x0000000000000000
RSP=0x0000000104e7c420, RBP=0x0000000104e7c460, RSI=0x00000000d002cfa3, RDI=0x0000000000000000
R8 =0x000000001fffffff, R9 =0x00000000ffff0000, R10=0x0000000000000978, R11=0x00007fff9564d15d
R12=0x0000000000000001, R13=0x0000000000000030, R14=0x0000000000000028, R15=0x0000000020000000
RIP=0x000000019c5040d2, EFLAGS=0x0000000000010202, ERR=0x0000000000000004
  TRAPNO=0x000000000000000e

Top of Stack: (sp=0x0000000104e7c420)
0x0000000104e7c420:   0000000104e7c450 0000000000000000
0x0000000104e7c430:   0000000104e7c490 0000000000000000
0x0000000104e7c440:   0000000000000001 0000000000000001
0x0000000104e7c450:   000000019c6ddf48 0000000000000001
0x0000000104e7c460:   0000000104e7c4e0 000000019c50862e
0x0000000104e7c470:   000000019c291630 00007fed4b804000
0x0000000104e7c480:   00007fed4b804000 00007fed4b804000
0x0000000104e7c490:   00000000ffff0000 0000000000600000
0x0000000104e7c4a0:   0000000000000010 00007fed4b8041f8
0x0000000104e7c4b0:   000000010460d190 00007fed4b8041f8
0x0000000104e7c4c0:   0000000000000000 000000019c291630
0x0000000104e7c4d0:   0000000104e7c5e8 00007fed4a694c90
0x0000000104e7c4e0:   0000000104e7c510 0000000198c2ccbe
0x0000000104e7c4f0:   000000019c291630 0000000000000000
0x0000000104e7c500:   0000000000000001 00007fed4b804000
0x0000000104e7c510:   0000000104e7c540 0000000198c2b8a6
0x0000000104e7c520:   000000019c291630 0000000104e7c5f0
0x0000000104e7c530:   000000019c291630 0000000104e7c5f0
0x0000000104e7c540:   0000000104e7c5c0 0000000104ee93ef
0x0000000104e7c550:   000000019c291630 0000000104e7c5f0
0x0000000104e7c560:   0000000104e7c5c0 0000000104ee8ff9
0x0000000104e7c570:   0000000000000000 0000000142f98aa0
0x0000000104e7c580:   0000000104e7c570 000000019c291630
0x0000000104e7c590:   0000000104e7c5f0 000000019c2949c0
0x0000000104e7c5a0:   0000000000000000 000000019c291630
0x0000000104e7c5b0:   0000000000000000 0000000104e7c5e0
0x0000000104e7c5c0:   0000000104e7c648 0000000104eda760
0x0000000104e7c5d0:   0000000000000000 0000000104ee2577
0x0000000104e7c5e0:   0000000000000001 00000001430677b8
0x0000000104e7c5f0:   0000000142f98aa0 0000000000000000
0x0000000104e7c600:   0000000142f98aa0 0000000104e7c5f8
0x0000000104e7c610:   000000019c293b2d 0000000104e7c6a8 

Instructions: (pc=0x000000019c5040d2)
0x000000019c5040b2:   50 01 00 00 41 c1 e7 1d 48 8d 4c 11 18 31 d2 41
0x000000019c5040c2:   b8 ff ff ff 1f 66 0f 1f 84 00 00 00 00 00 ff 00
0x000000019c5040d2:   48 8b 77 18 48 89 7b 10 48 89 5f 18 48 89 5e 10
0x000000019c5040e2:   48 89 73 18 8b 35 ac 9c 1d 00 44 21 c6 44 09 fe 

Register to memory mapping:

RAX=0x000000019c6de080: R_GenHeap+0x2b0 in /Library/Frameworks/R.framework/Versions/3.3/Resources/lib/libR.dylib at 0x000000019c3ce000
RBX=0x00007fed4f885608 is an unknown value
RCX=0x000000019c6ddf48: R_GenHeap+0x178 in /Library/Frameworks/R.framework/Versions/3.3/Resources/lib/libR.dylib at 0x000000019c3ce000
RDX=0x0000000000000000 is an unknown value
RSP=0x0000000104e7c420 is pointing into the stack for thread: 0x00007fed4b804000
RBP=0x0000000104e7c460 is pointing into the stack for thread: 0x00007fed4b804000
RSI=0x00000000d002cfa3 is an unknown value
RDI=0x0000000000000000 is an unknown value
R8 =0x000000001fffffff is an unknown value
R9 =0x00000000ffff0000 is an unknown value
R10=0x0000000000000978 is an unknown value
R11=0x00007fff9564d15d: malloc+0 in /usr/lib/system/libsystem_malloc.dylib at 0x00007fff9564c000
R12=0x0000000000000001 is an unknown value
R13=0x0000000000000030 is an unknown value
R14=0x0000000000000028 is an unknown value
R15=0x0000000020000000 is an unknown value


Stack: [0x0000000104d7d000,0x0000000104e7d000],  sp=0x0000000104e7c420,  free space=1021k
Native frames: (J=compiled Java code, j=interpreted, Vv=VM code, C=native code)
C  [libR.dylib+0x1360d2]  GetNewPage+0x1a2
C  [libR.dylib+0x13a62e]  Rf_allocVector3+0x26e
C  [libjri.jnilib+0x2cbe]  jri_getString+0x3e
C  [libjri.jnilib+0x18a6]  Java_org_rosuda_JRI_Rengine_rniParse+0x16
j  org.rosuda.JRI.Rengine.rniParse(Ljava/lang/String;I)J+0
j  org.rosuda.JRI.Rengine.eval(Ljava/lang/String;Z)Lorg/rosuda/JRI/REXP;+53
j  org.rosuda.JRI.Rengine.eval(Ljava/lang/String;)Lorg/rosuda/JRI/REXP;+3
j  tamps.cinvestav.mx.utils.jri.VonMisesFisher.loadIndex(Ljava/lang/String;)V+47
j  tamps.cinvestav.mx.utils.jri.VonMisesFisher.applyVonMisesFisherDistribution(Ljava/lang/String;I)Ljava/util/List;+67
j  tamps.cinvestav.mx.main.Main.main([Ljava/lang/String;)V+1244
v  ~StubRoutines::call_stub
V  [libjvm.dylib+0x2e032a]  JavaCalls::call_helper(JavaValue*, methodHandle*, JavaCallArguments*, Thread*)+0x6ae
V  [libjvm.dylib+0x316a36]  jni_invoke_static(JNIEnv_*, JavaValue*, _jobject*, JNICallType, _jmethodID*, JNI_ArgumentPusher*, Thread*)+0x1bf
V  [libjvm.dylib+0x30f7b0]  jni_CallStaticVoidMethod+0x15d
C  [java+0x39ae]  JavaMain+0x9b1
C  [libsystem_pthread.dylib+0x405a]  _pthread_body+0x83
C  [libsystem_pthread.dylib+0x3fd7]  _pthread_body+0x0
C  [libsystem_pthread.dylib+0x13ed]  thread_start+0xd
C  0x0000000000000000

Java frames: (J=compiled Java code, j=interpreted, Vv=VM code)
j  org.rosuda.JRI.Rengine.rniParse(Ljava/lang/String;I)J+0
j  org.rosuda.JRI.Rengine.eval(Ljava/lang/String;Z)Lorg/rosuda/JRI/REXP;+53
j  org.rosuda.JRI.Rengine.eval(Ljava/lang/String;)Lorg/rosuda/JRI/REXP;+3
j  tamps.cinvestav.mx.utils.jri.VonMisesFisher.loadIndex(Ljava/lang/String;)V+47
j  tamps.cinvestav.mx.utils.jri.VonMisesFisher.applyVonMisesFisherDistribution(Ljava/lang/String;I)Ljava/util/List;+67
j  tamps.cinvestav.mx.main.Main.main([Ljava/lang/String;)V+1244
v  ~StubRoutines::call_stub

---------------  P R O C E S S  ---------------

Java Threads: ( => current thread )
  0x00007fed4c01c800 JavaThread "Service Thread" daemon [_thread_blocked, id=18179, stack(0x000000019a911000,0x000000019aa11000)]
  0x00007fed4a81b000 JavaThread "C1 CompilerThread2" daemon [_thread_blocked, id=17667, stack(0x000000019a80e000,0x000000019a90e000)]
  0x00007fed4b028000 JavaThread "C2 CompilerThread1" daemon [_thread_blocked, id=17155, stack(0x000000019a70b000,0x000000019a80b000)]
  0x00007fed4b016000 JavaThread "C2 CompilerThread0" daemon [_thread_blocked, id=16643, stack(0x000000019a608000,0x000000019a708000)]
  0x00007fed4a817800 JavaThread "Signal Dispatcher" daemon [_thread_blocked, id=12567, stack(0x000000019a505000,0x000000019a605000)]
  0x00007fed4a806000 JavaThread "Finalizer" daemon [_thread_blocked, id=11523, stack(0x0000000198ae2000,0x0000000198be2000)]
  0x00007fed4c004000 JavaThread "Reference Handler" daemon [_thread_blocked, id=11011, stack(0x00000001989df000,0x0000000198adf000)]
=>0x00007fed4b804000 JavaThread "main" [_thread_in_native, id=4867, stack(0x0000000104d7d000,0x0000000104e7d000)]

Other Threads:
  0x00007fed4c003000 VMThread [stack: 0x00000001988dc000,0x00000001989dc000] [id=10499]
  0x00007fed4c01d800 WatcherThread [stack: 0x000000019aa14000,0x000000019ab14000] [id=18691]

VM state:not at safepoint (normal execution)

VM Mutex/Monitor currently owned by a thread: None

Heap:
 PSYoungGen      total 219136K, used 69301K [0x000000013f100000, 0x0000000150c80000, 0x0000000154600000)
  eden space 156160K, 44% used [0x000000013f100000,0x000000014341d538,0x0000000148980000)
  from space 62976K, 0% used [0x000000014cf00000,0x000000014cf90000,0x0000000150c80000)
  to   space 67072K, 0% used [0x0000000148980000,0x0000000148980000,0x000000014cb00000)
 ParOldGen       total 300544K, used 196104K [0x0000000114600000, 0x0000000126b80000, 0x000000013f100000)
  object space 300544K, 65% used [0x0000000114600000,0x0000000120582360,0x0000000126b80000)
 Metaspace       used 14390K, capacity 14602K, committed 14976K, reserved 1062912K
  class space    used 1511K, capacity 1593K, committed 1664K, reserved 1048576K

Card table byte_map: [0x0000000154600000,0x0000000154801000] byte_map_base: 0x0000000153d5d000

Marking Bits: (ParMarkBitMap*) 0x00000001046d57a0
 Begin Bits: [0x0000000154c0d000, 0x0000000155c0d000)
 End Bits:   [0x0000000155c0d000, 0x0000000156c0d000)

Polling page: 0x00000001035fe000

CodeCache: size=245760Kb used=9922Kb max_used=9968Kb free=235837Kb
 bounds [0x0000000104ed3000, 0x00000001058b3000, 0x0000000113ed3000]
 total_blobs=2866 nmethods=2461 adapters=318
 compilation: enabled

Compilation events (10 events):
Event: 71.373 Thread 0x00007fed4b028000 nmethod 2935 0x00000001055ae010 code [0x00000001055ae180, 0x00000001055ae328]
Event: 71.382 Thread 0x00007fed4b016000 nmethod 2934 0x0000000105595b10 code [0x0000000105595ce0, 0x00000001055963c8]
Event: 71.429 Thread 0x00007fed4b028000 2936       4       java.lang.ref.ReferenceQueue::remove (6 bytes)
Event: 71.429 Thread 0x00007fed4b016000 2937   !   4       java.lang.ref.ReferenceQueue::remove (125 bytes)
Event: 71.434 Thread 0x00007fed4b028000 nmethod 2936 0x0000000105148150 code [0x00000001051482c0, 0x0000000105148948]
Event: 71.435 Thread 0x00007fed4b016000 nmethod 2937 0x000000010512a010 code [0x000000010512a1a0, 0x000000010512a868]
Event: 71.550 Thread 0x00007fed4b028000 2938       4       java.lang.System::checkKey (34 bytes)
Event: 71.551 Thread 0x00007fed4b028000 nmethod 2938 0x000000010518d590 code [0x000000010518d6e0, 0x000000010518d818]
Event: 71.591 Thread 0x00007fed4b016000 2939       4       sun.security.action.GetPropertyAction::run (5 bytes)
Event: 71.600 Thread 0x00007fed4b016000 nmethod 2939 0x0000000105610010 code [0x00000001056101a0, 0x00000001056109f8]

GC Heap History (10 events):
Event: 70.601 GC heap before
{Heap before GC invocations=64 (full 4):
 PSYoungGen      total 239616K, used 148768K [0x000000013f100000, 0x0000000153100000, 0x0000000154600000)
  eden space 148480K, 100% used [0x000000013f100000,0x0000000148200000,0x0000000148200000)
  from space 91136K, 0% used [0x0000000148200000,0x0000000148248000,0x000000014db00000)
  to   space 87552K, 0% used [0x000000014db80000,0x000000014db80000,0x0000000153100000)
 ParOldGen       total 300544K, used 196104K [0x0000000114600000, 0x0000000126b80000, 0x000000013f100000)
  object space 300544K, 65% used [0x0000000114600000,0x0000000120582360,0x0000000126b80000)
 Metaspace       used 14346K, capacity 14538K, committed 14720K, reserved 1062912K
  class space    used 1507K, capacity 1593K, committed 1664K, reserved 1048576K
Event: 70.603 GC heap after
Heap after GC invocations=64 (full 4):
 PSYoungGen      total 229888K, used 352K [0x000000013f100000, 0x0000000152800000, 0x0000000154600000)
  eden space 151552K, 0% used [0x000000013f100000,0x000000013f100000,0x0000000148500000)
  from space 78336K, 0% used [0x000000014db80000,0x000000014dbd8000,0x0000000152800000)
  to   space 83456K, 0% used [0x0000000148500000,0x0000000148500000,0x000000014d680000)
 ParOldGen       total 300544K, used 196104K [0x0000000114600000, 0x0000000126b80000, 0x000000013f100000)
  object space 300544K, 65% used [0x0000000114600000,0x0000000120582360,0x0000000126b80000)
 Metaspace       used 14346K, capacity 14538K, committed 14720K, reserved 1062912K
  class space    used 1507K, capacity 1593K, committed 1664K, reserved 1048576K
}
Event: 70.907 GC heap before
{Heap before GC invocations=65 (full 4):
 PSYoungGen      total 229888K, used 151904K [0x000000013f100000, 0x0000000152800000, 0x0000000154600000)
  eden space 151552K, 100% used [0x000000013f100000,0x0000000148500000,0x0000000148500000)
  from space 78336K, 0% used [0x000000014db80000,0x000000014dbd8000,0x0000000152800000)
  to   space 83456K, 0% used [0x0000000148500000,0x0000000148500000,0x000000014d680000)
 ParOldGen       total 300544K, used 196104K [0x0000000114600000, 0x0000000126b80000, 0x000000013f100000)
  object space 300544K, 65% used [0x0000000114600000,0x0000000120582360,0x0000000126b80000)
 Metaspace       used 14346K, capacity 14538K, committed 14720K, reserved 1062912K
  class space    used 1507K, capacity 1593K, committed 1664K, reserved 1048576K
Event: 70.908 GC heap after
Heap after GC invocations=65 (full 4):
 PSYoungGen      total 152064K, used 416K [0x000000013f100000, 0x0000000152300000, 0x0000000154600000)
  eden space 151552K, 0% used [0x000000013f100000,0x000000013f100000,0x0000000148500000)
  from space 512K, 81% used [0x0000000148500000,0x0000000148568000,0x0000000148580000)
  to   space 79360K, 0% used [0x000000014d580000,0x000000014d580000,0x0000000152300000)
 ParOldGen       total 300544K, used 196104K [0x0000000114600000, 0x0000000126b80000, 0x000000013f100000)
  object space 300544K, 65% used [0x0000000114600000,0x0000000120582360,0x0000000126b80000)
 Metaspace       used 14346K, capacity 14538K, committed 14720K, reserved 1062912K
  class space    used 1507K, capacity 1593K, committed 1664K, reserved 1048576K
}
Event: 71.426 GC heap before
{Heap before GC invocations=66 (full 4):
 PSYoungGen      total 152064K, used 151968K [0x000000013f100000, 0x0000000152300000, 0x0000000154600000)
  eden space 151552K, 100% used [0x000000013f100000,0x0000000148500000,0x0000000148500000)
  from space 512K, 81% used [0x0000000148500000,0x0000000148568000,0x0000000148580000)
  to   space 79360K, 0% used [0x000000014d580000,0x000000014d580000,0x0000000152300000)
 ParOldGen       total 300544K, used 196104K [0x0000000114600000, 0x0000000126b80000, 0x000000013f100000)
  object space 300544K, 65% used [0x0000000114600000,0x0000000120582360,0x0000000126b80000)
 Metaspace       used 14346K, capacity 14538K, committed 14720K, reserved 1062912K
  class space    used 1507K, capacity 1593K, committed 1664K, reserved 1048576K
Event: 71.428 GC heap after
Heap after GC invocations=66 (full 4):
 PSYoungGen      total 224768K, used 480K [0x000000013f100000, 0x0000000151a80000, 0x0000000154600000)
  eden space 154112K, 0% used [0x000000013f100000,0x000000013f100000,0x0000000148780000)
  from space 70656K, 0% used [0x000000014d580000,0x000000014d5f8000,0x0000000151a80000)
  to   space 75264K, 0% used [0x0000000148780000,0x0000000148780000,0x000000014d100000)
 ParOldGen       total 300544K, used 196104K [0x0000000114600000, 0x0000000126b80000, 0x000000013f100000)
  object space 300544K, 65% used [0x0000000114600000,0x0000000120582360,0x0000000126b80000)
 Metaspace       used 14346K, capacity 14538K, committed 14720K, reserved 1062912K
  class space    used 1507K, capacity 1593K, committed 1664K, reserved 1048576K
}
Event: 71.634 GC heap before
{Heap before GC invocations=67 (full 4):
 PSYoungGen      total 224768K, used 154592K [0x000000013f100000, 0x0000000151a80000, 0x0000000154600000)
  eden space 154112K, 100% used [0x000000013f100000,0x0000000148780000,0x0000000148780000)
  from space 70656K, 0% used [0x000000014d580000,0x000000014d5f8000,0x0000000151a80000)
  to   space 75264K, 0% used [0x0000000148780000,0x0000000148780000,0x000000014d100000)
 ParOldGen       total 300544K, used 196104K [0x0000000114600000, 0x0000000126b80000, 0x000000013f100000)
  object space 300544K, 65% used [0x0000000114600000,0x0000000120582360,0x0000000126b80000)
 Metaspace       used 14346K, capacity 14538K, committed 14720K, reserved 1062912K
  class space    used 1507K, capacity 1593K, committed 1664K, reserved 1048576K
Event: 71.636 GC heap after
Heap after GC invocations=67 (full 4):
 PSYoungGen      total 155136K, used 544K [0x000000013f100000, 0x0000000151480000, 0x0000000154600000)
  eden space 154112K, 0% used [0x000000013f100000,0x000000013f100000,0x0000000148780000)
  from space 1024K, 53% used [0x0000000148780000,0x0000000148808000,0x0000000148880000)
  to   space 71168K, 0% used [0x000000014cf00000,0x000000014cf00000,0x0000000151480000)
 ParOldGen       total 300544K, used 196104K [0x0000000114600000, 0x0000000126b80000, 0x000000013f100000)
  object space 300544K, 65% used [0x0000000114600000,0x0000000120582360,0x0000000126b80000)
 Metaspace       used 14346K, capacity 14538K, committed 14720K, reserved 1062912K
  class space    used 1507K, capacity 1593K, committed 1664K, reserved 1048576K
}
Event: 71.860 GC heap before
{Heap before GC invocations=68 (full 4):
 PSYoungGen      total 155136K, used 154656K [0x000000013f100000, 0x0000000151480000, 0x0000000154600000)
  eden space 154112K, 100% used [0x000000013f100000,0x0000000148780000,0x0000000148780000)
  from space 1024K, 53% used [0x0000000148780000,0x0000000148808000,0x0000000148880000)
  to   space 71168K, 0% used [0x000000014cf00000,0x000000014cf00000,0x0000000151480000)
 ParOldGen       total 300544K, used 196104K [0x0000000114600000, 0x0000000126b80000, 0x000000013f100000)
  object space 300544K, 65% used [0x0000000114600000,0x0000000120582360,0x0000000126b80000)
 Metaspace       used 14346K, capacity 14538K, committed 14720K, reserved 1062912K
  class space    used 1507K, capacity 1593K, committed 1664K, reserved 1048576K
Event: 71.863 GC heap after
Heap after GC invocations=68 (full 4):
 PSYoungGen      total 219136K, used 576K [0x000000013f100000, 0x0000000150c80000, 0x0000000154600000)
  eden space 156160K, 0% used [0x000000013f100000,0x000000013f100000,0x0000000148980000)
  from space 62976K, 0% used [0x000000014cf00000,0x000000014cf90000,0x0000000150c80000)
  to   space 67072K, 0% used [0x0000000148980000,0x0000000148980000,0x000000014cb00000)
 ParOldGen       total 300544K, used 196104K [0x0000000114600000, 0x0000000126b80000, 0x000000013f100000)
  object space 300544K, 65% used [0x0000000114600000,0x0000000120582360,0x0000000126b80000)
 Metaspace       used 14346K, capacity 14538K, committed 14720K, reserved 1062912K
  class space    used 1507K, capacity 1593K, committed 1664K, reserved 1048576K
}

Deoptimization events (10 events):
Event: 29.737 Thread 0x00007fed4b804000 Uncommon trap: reason=unstable_if action=reinterpret pc=0x000000010577be34 method=tamps.cinvestav.mx.utils.Utils.createWordSpace(Ltamps/cinvestav/mx/Multiprototype/Corpus;)V @ 250
Event: 63.172 Thread 0x00007fed4b804000 Uncommon trap: reason=unstable_if action=reinterpret pc=0x00000001057ddd74 method=tamps.cinvestav.mx.utils.Utils.createCoOccurrenceMatrix(Ltamps/cinvestav/mx/Multiprototype/Corpus;)V @ 77
Event: 63.388 Thread 0x00007fed4b804000 Uncommon trap: reason=unstable_if action=reinterpret pc=0x00000001054ec2fc method=tamps.cinvestav.mx.utils.Utils.createFeatureVectors(Ltamps/cinvestav/mx/Multiprototype/Corpus;)V @ 79
Event: 63.694 Thread 0x00007fed4b804000 Uncommon trap: reason=unstable_if action=reinterpret pc=0x0000000105289394 method=sun.misc.FloatingDecimal$BinaryToASCIIBuffer.dtoa(IJIZ)V @ 97
Event: 63.694 Thread 0x00007fed4b804000 Uncommon trap: reason=unstable_if action=reinterpret pc=0x0000000104ff8774 method=sun.misc.FloatingDecimal$BinaryToASCIIBuffer.getChars([C)I @ 233
Event: 63.738 Thread 0x00007fed4b804000 Uncommon trap: reason=unstable_if action=reinterpret pc=0x000000010512cacc method=sun.misc.FloatingDecimal$BinaryToASCIIBuffer.estimateDecExp(JI)I @ 117
Event: 63.882 Thread 0x00007fed4b804000 Uncommon trap: reason=unstable_if action=reinterpret pc=0x0000000105597fac method=sun.misc.FloatingDecimal$BinaryToASCIIBuffer.dtoa(IJIZ)V @ 379
Event: 63.883 Thread 0x00007fed4b804000 Uncommon trap: reason=unstable_if action=reinterpret pc=0x0000000105321b7c method=sun.misc.FloatingDecimal$BinaryToASCIIBuffer.getChars([C)I @ 210
Event: 65.303 Thread 0x00007fed4b804000 Uncommon trap: reason=unstable_if action=reinterpret pc=0x000000010586fb98 method=tamps.cinvestav.mx.utils.Utils.printCorpusWindows(Ltamps/cinvestav/mx/Multiprototype/Corpus;Ljava/lang/String;)V @ 20
Event: 72.023 Thread 0x00007fed4b804000 Uncommon trap: reason=unstable_if action=reinterpret pc=0x0000000105280a50 method=java.io.UnixFileSystem.prefixLength(Ljava/lang/String;)I @ 16

Internal exceptions (10 events):
Event: 0.730 Thread 0x00007fed4b804000 Exception <a 'java/security/PrivilegedActionException'> (0x000000013f3a7138) thrown at [/Users/java_re/workspace/8-2-build-macosx-x86_64/jdk8u45/3457/hotspot/src/share/vm/prims/jvm.cpp, line 1382]
Event: 2.232 Thread 0x00007fed4b804000 Exception <a 'java/lang/NoSuchFieldError': method resolution failed> (0x000000013f140da0) thrown at [/Users/java_re/workspace/8-2-build-macosx-x86_64/jdk8u45/3457/hotspot/src/share/vm/prims/methodHandles.cpp, line 1125]
Event: 2.233 Thread 0x00007fed4b804000 Exception <a 'java/lang/NoSuchFieldError': method resolution failed> (0x000000013f14f570) thrown at [/Users/java_re/workspace/8-2-build-macosx-x86_64/jdk8u45/3457/hotspot/src/share/vm/prims/methodHandles.cpp, line 1125]
Event: 2.254 Thread 0x00007fed4b804000 Exception <a 'java/lang/NoClassDefFoundError': org/slf4j/impl/StaticLoggerBinder> (0x000000013f258528) thrown at [/Users/java_re/workspace/8-2-build-macosx-x86_64/jdk8u45/3457/hotspot/src/share/vm/classfile/systemDictionary.cpp, line 199]
Event: 2.351 Thread 0x00007fed4b804000 Implicit null exception at 0x000000010503cbfc to 0x000000010503cc99
Event: 4.076 Thread 0x00007fed4b804000 Implicit null exception at 0x000000010514f1c3 to 0x000000010514f2d5
Event: 4.083 Thread 0x00007fed4b804000 Implicit null exception at 0x000000010519a755 to 0x000000010519a899
Event: 6.836 Thread 0x00007fed4b804000 Exception <a 'sun/nio/fs/UnixException'> (0x0000000142b275d0) thrown at [/Users/java_re/workspace/8-2-build-macosx-x86_64/jdk8u45/3457/hotspot/src/share/vm/prims/jni.cpp, line 709]
Event: 6.866 Thread 0x00007fed4b804000 Implicit null exception at 0x000000010516c795 to 0x000000010516c8d9
Event: 27.443 Thread 0x00007fed4b804000 Implicit null exception at 0x0000000105744bb6 to 0x0000000105746de5

Events (10 events):
Event: 72.014 loading class java/lang/ClassLoaderHelper done
Event: 72.023 Thread 0x00007fed4b804000 Uncommon trap: trap_request=0xffffff65 fr.pc=0x0000000105280a50
Event: 72.023 Thread 0x00007fed4b804000 DEOPT PACKING pc=0x0000000105280a50 sp=0x0000000104e7c050
Event: 72.023 Thread 0x00007fed4b804000 DEOPT UNPACKING pc=0x0000000104ed8229 sp=0x0000000104e7bfa8 mode 2
Event: 72.268 loading class org/rosuda/JRI/Mutex
Event: 72.268 loading class org/rosuda/JRI/Mutex done
Event: 72.269 Thread 0x00007fed4c963800 Thread added: 0x00007fed4c963800
Event: 72.269 Executing VM operation: RevokeBias
Event: 72.271 Executing VM operation: RevokeBias done
Event: 72.271 Thread 0x00007fed4c963800 Thread exited: 0x00007fed4c963800


Dynamic libraries:
0x000000000a293000 	/System/Library/Frameworks/Cocoa.framework/Versions/A/Cocoa
0x000000000a293000 	/System/Library/Frameworks/Security.framework/Versions/A/Security
0x000000000a293000 	/System/Library/Frameworks/ApplicationServices.framework/Versions/A/ApplicationServices
0x000000000a293000 	/usr/lib/libz.1.dylib
0x000000000a293000 	/usr/lib/libSystem.B.dylib
0x000000000a293000 	/usr/lib/libobjc.A.dylib
0x000000000a293000 	/System/Library/Frameworks/CoreFoundation.framework/Versions/A/CoreFoundation
0x000000000a293000 	/System/Library/Frameworks/Foundation.framework/Versions/C/Foundation
0x000000000a293000 	/System/Library/Frameworks/AppKit.framework/Versions/C/AppKit
0x000000000a293000 	/System/Library/Frameworks/CoreData.framework/Versions/A/CoreData
0x000000000a293000 	/System/Library/PrivateFrameworks/RemoteViewServices.framework/Versions/A/RemoteViewServices
0x000000000a293000 	/System/Library/PrivateFrameworks/UIFoundation.framework/Versions/A/UIFoundation
0x000000000a293000 	/System/Library/Frameworks/IOSurface.framework/Versions/A/IOSurface
0x000000000a293000 	/System/Library/Frameworks/AudioToolbox.framework/Versions/A/AudioToolbox
0x000000000a293000 	/System/Library/Frameworks/AudioUnit.framework/Versions/A/AudioUnit
0x000000000a293000 	/System/Library/PrivateFrameworks/DataDetectorsCore.framework/Versions/A/DataDetectorsCore
0x000000000a293000 	/System/Library/PrivateFrameworks/DesktopServicesPriv.framework/Versions/A/DesktopServicesPriv
0x000000000a293000 	/System/Library/Frameworks/Carbon.framework/Versions/A/Frameworks/HIToolbox.framework/Versions/A/HIToolbox
0x000000000a293000 	/System/Library/Frameworks/QuartzCore.framework/Versions/A/QuartzCore
0x000000000a293000 	/System/Library/Frameworks/Carbon.framework/Versions/A/Frameworks/SpeechRecognition.framework/Versions/A/SpeechRecognition
0x000000000a293000 	/usr/lib/libauto.dylib
0x000000000a293000 	/usr/lib/libicucore.A.dylib
0x000000000a293000 	/usr/lib/libxml2.2.dylib
0x000000000a293000 	/System/Library/PrivateFrameworks/CoreUI.framework/Versions/A/CoreUI
0x000000000a293000 	/System/Library/Frameworks/CoreAudio.framework/Versions/A/CoreAudio
0x000000000a293000 	/System/Library/Frameworks/DiskArbitration.framework/Versions/A/DiskArbitration
0x000000000a293000 	/usr/lib/liblangid.dylib
0x000000000a293000 	/System/Library/PrivateFrameworks/MultitouchSupport.framework/Versions/A/MultitouchSupport
0x000000000a293000 	/System/Library/Frameworks/IOKit.framework/Versions/A/IOKit
0x000000000a293000 	/usr/lib/libDiagnosticMessagesClient.dylib
0x000000000a293000 	/System/Library/Frameworks/CoreServices.framework/Versions/A/CoreServices
0x000000000a293000 	/System/Library/PrivateFrameworks/PerformanceAnalysis.framework/Versions/A/PerformanceAnalysis
0x000000000a293000 	/System/Library/PrivateFrameworks/GenerationalStorage.framework/Versions/A/GenerationalStorage
0x000000000a293000 	/System/Library/Frameworks/OpenGL.framework/Versions/A/OpenGL
0x000000000a293000 	/System/Library/PrivateFrameworks/Sharing.framework/Versions/A/Sharing
0x000000000a293000 	/System/Library/Frameworks/CoreGraphics.framework/Versions/A/CoreGraphics
0x000000000a293000 	/System/Library/Frameworks/CoreText.framework/Versions/A/CoreText
0x000000000a293000 	/System/Library/Frameworks/ImageIO.framework/Versions/A/ImageIO
0x000000000a293000 	/usr/lib/libextension.dylib
0x000000000a293000 	/System/Library/PrivateFrameworks/Backup.framework/Versions/A/Backup
0x000000000a293000 	/usr/lib/libarchive.2.dylib
0x000000000a293000 	/System/Library/Frameworks/CFNetwork.framework/Versions/A/CFNetwork
0x000000000a293000 	/System/Library/Frameworks/SystemConfiguration.framework/Versions/A/SystemConfiguration
0x000000000a293000 	/usr/lib/libCRFSuite.dylib
0x000000000a293000 	/usr/lib/libc++.1.dylib
0x000000000a293000 	/usr/lib/libc++abi.dylib
0x000000000a293000 	/usr/lib/system/libcache.dylib
0x000000000a293000 	/usr/lib/system/libcommonCrypto.dylib
0x000000000a293000 	/usr/lib/system/libcompiler_rt.dylib
0x000000000a293000 	/usr/lib/system/libcopyfile.dylib
0x000000000a293000 	/usr/lib/system/libcorecrypto.dylib
0x000000000a293000 	/usr/lib/system/libdispatch.dylib
0x000000000a293000 	/usr/lib/system/libdyld.dylib
0x000000000a293000 	/usr/lib/system/libkeymgr.dylib
0x000000000a293000 	/usr/lib/system/liblaunch.dylib
0x000000000a293000 	/usr/lib/system/libmacho.dylib
0x000000000a293000 	/usr/lib/system/libquarantine.dylib
0x000000000a293000 	/usr/lib/system/libremovefile.dylib
0x000000000a293000 	/usr/lib/system/libsystem_asl.dylib
0x000000000a293000 	/usr/lib/system/libsystem_blocks.dylib
0x000000000a293000 	/usr/lib/system/libsystem_c.dylib
0x000000000a293000 	/usr/lib/system/libsystem_configuration.dylib
0x000000000a293000 	/usr/lib/system/libsystem_coreservices.dylib
0x000000000a293000 	/usr/lib/system/libsystem_coretls.dylib
0x000000000a293000 	/usr/lib/system/libsystem_dnssd.dylib
0x000000000a293000 	/usr/lib/system/libsystem_info.dylib
0x000000000a293000 	/usr/lib/system/libsystem_kernel.dylib
0x000000000a293000 	/usr/lib/system/libsystem_m.dylib
0x000000000a293000 	/usr/lib/system/libsystem_malloc.dylib
0x000000000a293000 	/usr/lib/system/libsystem_network.dylib
0x000000000a293000 	/usr/lib/system/libsystem_networkextension.dylib
0x000000000a293000 	/usr/lib/system/libsystem_notify.dylib
0x000000000a293000 	/usr/lib/system/libsystem_platform.dylib
0x000000000a293000 	/usr/lib/system/libsystem_pthread.dylib
0x000000000a293000 	/usr/lib/system/libsystem_sandbox.dylib
0x000000000a293000 	/usr/lib/system/libsystem_secinit.dylib
0x000000000a293000 	/usr/lib/system/libsystem_stats.dylib
0x000000000a293000 	/usr/lib/system/libsystem_trace.dylib
0x000000000a293000 	/usr/lib/system/libunc.dylib
0x000000000a293000 	/usr/lib/system/libunwind.dylib
0x000000000a293000 	/usr/lib/system/libxpc.dylib
0x000000000a293000 	/usr/lib/libbz2.1.0.dylib
0x000000000a293000 	/usr/lib/liblzma.5.dylib
0x000000000a293000 	/usr/lib/libbsm.0.dylib
0x000000000a293000 	/usr/lib/libsqlite3.dylib
0x000000000a293000 	/usr/lib/system/libkxld.dylib
0x000000000a293000 	/usr/lib/libxar.1.dylib
0x000000000a293000 	/usr/lib/libpam.2.dylib
0x000000000a293000 	/usr/lib/libOpenScriptingUtil.dylib
0x000000000a293000 	/System/Library/Frameworks/CoreServices.framework/Versions/A/Frameworks/FSEvents.framework/Versions/A/FSEvents
0x000000000a293000 	/System/Library/Frameworks/CoreServices.framework/Versions/A/Frameworks/CarbonCore.framework/Versions/A/CarbonCore
0x000000000a293000 	/System/Library/Frameworks/CoreServices.framework/Versions/A/Frameworks/Metadata.framework/Versions/A/Metadata
0x000000000a293000 	/System/Library/Frameworks/CoreServices.framework/Versions/A/Frameworks/OSServices.framework/Versions/A/OSServices
0x000000000a293000 	/System/Library/Frameworks/CoreServices.framework/Versions/A/Frameworks/SearchKit.framework/Versions/A/SearchKit
0x000000000a293000 	/System/Library/Frameworks/CoreServices.framework/Versions/A/Frameworks/AE.framework/Versions/A/AE
0x000000000a293000 	/System/Library/Frameworks/CoreServices.framework/Versions/A/Frameworks/LaunchServices.framework/Versions/A/LaunchServices
0x000000000a293000 	/System/Library/Frameworks/CoreServices.framework/Versions/A/Frameworks/DictionaryServices.framework/Versions/A/DictionaryServices
0x000000000a293000 	/System/Library/Frameworks/NetFS.framework/Versions/A/NetFS
0x000000000a293000 	/System/Library/PrivateFrameworks/NetAuth.framework/Versions/A/NetAuth
0x000000000a293000 	/System/Library/PrivateFrameworks/login.framework/Versions/A/Frameworks/loginsupport.framework/Versions/A/loginsupport
0x000000000a293000 	/System/Library/PrivateFrameworks/TCC.framework/Versions/A/TCC
0x000000000a293000 	/usr/lib/libmecabra.dylib
0x000000000a293000 	/System/Library/Frameworks/ApplicationServices.framework/Versions/A/Frameworks/ATS.framework/Versions/A/ATS
0x000000000a293000 	/System/Library/Frameworks/ApplicationServices.framework/Versions/A/Frameworks/ColorSync.framework/Versions/A/ColorSync
0x000000000a293000 	/System/Library/Frameworks/ApplicationServices.framework/Versions/A/Frameworks/HIServices.framework/Versions/A/HIServices
0x000000000a293000 	/System/Library/Frameworks/ApplicationServices.framework/Versions/A/Frameworks/LangAnalysis.framework/Versions/A/LangAnalysis
0x000000000a293000 	/System/Library/Frameworks/ApplicationServices.framework/Versions/A/Frameworks/PrintCore.framework/Versions/A/PrintCore
0x000000000a293000 	/System/Library/Frameworks/ApplicationServices.framework/Versions/A/Frameworks/QD.framework/Versions/A/QD
0x000000000a293000 	/System/Library/Frameworks/ApplicationServices.framework/Versions/A/Frameworks/SpeechSynthesis.framework/Versions/A/SpeechSynthesis
0x000000000a293000 	/System/Library/Frameworks/Accelerate.framework/Versions/A/Accelerate
0x000000000a293000 	/System/Library/Frameworks/Accelerate.framework/Versions/A/Frameworks/vImage.framework/Versions/A/vImage
0x000000000a293000 	/System/Library/Frameworks/Accelerate.framework/Versions/A/Frameworks/vecLib.framework/Versions/A/vecLib
0x000000000a293000 	/System/Library/Frameworks/Accelerate.framework/Versions/A/Frameworks/vecLib.framework/Versions/A/libvDSP.dylib
0x000000000a293000 	/System/Library/Frameworks/Accelerate.framework/Versions/A/Frameworks/vecLib.framework/Versions/A/libvMisc.dylib
0x000000000a293000 	/System/Library/Frameworks/Accelerate.framework/Versions/A/Frameworks/vecLib.framework/Versions/A/libLAPACK.dylib
0x000000000a293000 	/System/Library/Frameworks/Accelerate.framework/Versions/A/Frameworks/vecLib.framework/Versions/A/libBLAS.dylib
0x000000000a293000 	/System/Library/Frameworks/Accelerate.framework/Versions/A/Frameworks/vecLib.framework/Versions/A/libLinearAlgebra.dylib
0x000000000a293000 	/System/Library/Frameworks/ApplicationServices.framework/Versions/A/Frameworks/ATS.framework/Versions/A/Resources/libFontParser.dylib
0x000000000a293000 	/System/Library/Frameworks/ApplicationServices.framework/Versions/A/Frameworks/ATS.framework/Versions/A/Resources/libFontRegistry.dylib
0x000000000a293000 	/System/Library/PrivateFrameworks/AppleVPA.framework/Versions/A/AppleVPA
0x000000000a293000 	/System/Library/PrivateFrameworks/AppleJPEG.framework/Versions/A/AppleJPEG
0x000000000a293000 	/System/Library/Frameworks/ImageIO.framework/Versions/A/Resources/libJPEG.dylib
0x000000000a293000 	/System/Library/Frameworks/ImageIO.framework/Versions/A/Resources/libTIFF.dylib
0x000000000a293000 	/System/Library/Frameworks/ImageIO.framework/Versions/A/Resources/libPng.dylib
0x000000000a293000 	/System/Library/Frameworks/ImageIO.framework/Versions/A/Resources/libGIF.dylib
0x000000000a293000 	/System/Library/Frameworks/ImageIO.framework/Versions/A/Resources/libJP2.dylib
0x000000000a293000 	/System/Library/Frameworks/ImageIO.framework/Versions/A/Resources/libRadiance.dylib
0x000000000a293000 	/System/Library/Frameworks/CoreVideo.framework/Versions/A/CoreVideo
0x000000000a293000 	/System/Library/Frameworks/OpenGL.framework/Versions/A/Libraries/libGLU.dylib
0x000000000a293000 	/System/Library/Frameworks/OpenGL.framework/Versions/A/Libraries/libGFXShared.dylib
0x000000000a293000 	/System/Library/Frameworks/OpenGL.framework/Versions/A/Libraries/libGL.dylib
0x000000000a293000 	/System/Library/Frameworks/OpenGL.framework/Versions/A/Libraries/libGLImage.dylib
0x000000000a293000 	/System/Library/Frameworks/OpenGL.framework/Versions/A/Libraries/libCVMSPluginSupport.dylib
0x000000000a293000 	/System/Library/Frameworks/OpenGL.framework/Versions/A/Libraries/libCoreVMClient.dylib
0x000000000a293000 	/usr/lib/libcups.2.dylib
0x000000000a293000 	/System/Library/Frameworks/Kerberos.framework/Versions/A/Kerberos
0x000000000a293000 	/System/Library/Frameworks/GSS.framework/Versions/A/GSS
0x000000000a293000 	/usr/lib/libresolv.9.dylib
0x000000000a293000 	/usr/lib/libiconv.2.dylib
0x000000000a293000 	/System/Library/PrivateFrameworks/Heimdal.framework/Versions/A/Heimdal
0x000000000a293000 	/usr/lib/libheimdal-asn1.dylib
0x000000000a293000 	/System/Library/Frameworks/OpenDirectory.framework/Versions/A/OpenDirectory
0x000000000a293000 	/System/Library/PrivateFrameworks/CommonAuth.framework/Versions/A/CommonAuth
0x000000000a293000 	/System/Library/Frameworks/OpenDirectory.framework/Versions/A/Frameworks/CFOpenDirectory.framework/Versions/A/CFOpenDirectory
0x000000000a293000 	/System/Library/Frameworks/SecurityFoundation.framework/Versions/A/SecurityFoundation
0x000000000a293000 	/System/Library/PrivateFrameworks/LanguageModeling.framework/Versions/A/LanguageModeling
0x000000000a293000 	/usr/lib/libcmph.dylib
0x000000000a293000 	/System/Library/Frameworks/ServiceManagement.framework/Versions/A/ServiceManagement
0x000000000a293000 	/usr/lib/libxslt.1.dylib
0x000000000a293000 	/System/Library/Frameworks/Carbon.framework/Versions/A/Frameworks/Ink.framework/Versions/A/Ink
0x000000000a293000 	/System/Library/Frameworks/QuartzCore.framework/Versions/A/Frameworks/CoreImage.framework/Versions/A/CoreImage
0x000000000a293000 	/System/Library/PrivateFrameworks/CrashReporterSupport.framework/Versions/A/CrashReporterSupport
0x000000000a293000 	/System/Library/Frameworks/OpenCL.framework/Versions/A/OpenCL
0x000000000a293000 	/System/Library/PrivateFrameworks/FaceCore.framework/Versions/A/FaceCore
0x000000000a293000 	/System/Library/PrivateFrameworks/Ubiquity.framework/Versions/A/Ubiquity
0x000000000a293000 	/System/Library/PrivateFrameworks/IconServices.framework/Versions/A/IconServices
0x000000000a293000 	/System/Library/PrivateFrameworks/ChunkingLibrary.framework/Versions/A/ChunkingLibrary
0x000000000a293000 	/System/Library/PrivateFrameworks/Apple80211.framework/Versions/A/Apple80211
0x000000000a293000 	/System/Library/Frameworks/CoreWLAN.framework/Versions/A/CoreWLAN
0x000000000a293000 	/System/Library/Frameworks/IOBluetooth.framework/Versions/A/IOBluetooth
0x000000000a293000 	/System/Library/PrivateFrameworks/CoreWiFi.framework/Versions/A/CoreWiFi
0x000000000a293000 	/System/Library/Frameworks/CoreBluetooth.framework/Versions/A/CoreBluetooth
0x000000000a293000 	/System/Library/PrivateFrameworks/DebugSymbols.framework/Versions/A/DebugSymbols
0x000000000a293000 	/System/Library/PrivateFrameworks/CoreSymbolication.framework/Versions/A/CoreSymbolication
0x000000000a293000 	/System/Library/PrivateFrameworks/Symbolication.framework/Versions/A/Symbolication
0x000000000a293000 	/System/Library/PrivateFrameworks/SpeechRecognitionCore.framework/Versions/A/SpeechRecognitionCore
0x0000000103e13000 	/Library/Java/JavaVirtualMachines/jdk1.8.0_45.jdk/Contents/Home/jre/lib/server/libjvm.dylib
0x000000000a293000 	/usr/lib/libstdc++.6.dylib
0x0000000104e7f000 	/Library/Java/JavaVirtualMachines/jdk1.8.0_45.jdk/Contents/Home/jre/lib/libverify.dylib
0x0000000104e8d000 	/Library/Java/JavaVirtualMachines/jdk1.8.0_45.jdk/Contents/Home/jre/lib/libjava.dylib
0x0000000104eca000 	/Library/Java/JavaVirtualMachines/jdk1.8.0_45.jdk/Contents/Home/jre/lib/libzip.dylib
0x0000000198be4000 	/System/Library/Frameworks/JavaVM.framework/Frameworks/JavaRuntimeSupport.framework/JavaRuntimeSupport
0x0000000198bfc000 	/System/Library/Frameworks/JavaVM.framework/Versions/A/Frameworks/JavaNativeFoundation.framework/Versions/A/JavaNativeFoundation
0x0000000198c11000 	/System/Library/Frameworks/JavaVM.framework/Versions/A/JavaVM
0x000000000a293000 	/System/Library/Frameworks/Carbon.framework/Versions/A/Carbon
0x0000000198c1e000 	/System/Library/PrivateFrameworks/JavaLaunching.framework/Versions/A/JavaLaunching
0x000000000a293000 	/System/Library/Frameworks/Carbon.framework/Versions/A/Frameworks/CommonPanels.framework/Versions/A/CommonPanels
0x000000000a293000 	/System/Library/Frameworks/Carbon.framework/Versions/A/Frameworks/Help.framework/Versions/A/Help
0x000000000a293000 	/System/Library/Frameworks/Carbon.framework/Versions/A/Frameworks/ImageCapture.framework/Versions/A/ImageCapture
0x000000000a293000 	/System/Library/Frameworks/Carbon.framework/Versions/A/Frameworks/OpenScripting.framework/Versions/A/OpenScripting
0x000000000a293000 	/System/Library/Frameworks/Carbon.framework/Versions/A/Frameworks/Print.framework/Versions/A/Print
0x000000000a293000 	/System/Library/Frameworks/Carbon.framework/Versions/A/Frameworks/SecurityHI.framework/Versions/A/SecurityHI
0x000000019ad7e000 	/Library/Java/JavaVirtualMachines/jdk1.8.0_45.jdk/Contents/Home/jre/lib/libnio.dylib
0x000000019b04b000 	/Library/Java/JavaVirtualMachines/jdk1.8.0_45.jdk/Contents/Home/jre/lib/./libnet.dylib
0x000000019ad8e000 	/Library/Java/JavaVirtualMachines/jdk1.8.0_45.jdk/Contents/Home/jre/lib/libmanagement.dylib
0x0000000198c2a000 	/Users/lti/Documents/rJava/jri/libjri.jnilib
0x000000019c3ce000 	/Library/Frameworks/R.framework/Versions/3.3/Resources/lib/libR.dylib
0x0000000198d08000 	/usr/lib/libpcre.0.dylib
0x0000000198d3b000 	/Library/Frameworks/R.framework/Versions/3.3/Resources/lib/libRblas.dylib
0x000000019b693000 	/Library/Frameworks/R.framework/Versions/3.3/Resources/lib/libgfortran.3.dylib
0x000000019acc3000 	/Library/Frameworks/R.framework/Versions/3.3/Resources/lib/libquadmath.0.dylib
0x000000019ad26000 	/Library/Frameworks/R.framework/Versions/3.3/Resources/lib/libreadline.5.2.dylib
0x000000019ad9b000 	/Library/Frameworks/R.framework/Versions/3.3/Resources/lib/libgcc_s_x86_64.1.dylib
0x000000000a293000 	/usr/lib/libncurses.5.4.dylib

VM Arguments:
jvm_args: -Djava.library.path=.:/Users/lti/Documents/rJava/jri/ -Dfile.encoding=UTF-8 
java_command: tamps.cinvestav.mx.main.Main /Users/lti/Documents/testMultiprototype/coffee/ /Users/lti/Documents/testPatternTripleExtractionV1/AllSeedsCoffee.txt /Users/lti/Documents/testMultiprototype/outputTemp/ /Users/lti/Documents/testMultiprototype/outputTemp/finalResult.txt
java_class_path (initial): /Users/lti/Documents/Workspace_Temporal/Multiprototype/Lib/stanford-corenlp-3.6.0-models.jar:/Users/lti/Documents/Workspace_Temporal/Multiprototype/Lib/stanford-corenlp-3.6.0-sources.jar:/Users/lti/Documents/Workspace_Temporal/Multiprototype/target/classes:/Users/lti/.m2/repository/edu/stanford/nlp/stanford-corenlp/3.6.0/stanford-corenlp-3.6.0.jar:/Users/lti/.m2/repository/com/io7m/xom/xom/1.2.10/xom-1.2.10.jar:/Users/lti/.m2/repository/xml-apis/xml-apis/1.3.03/xml-apis-1.3.03.jar:/Users/lti/.m2/repository/xerces/xercesImpl/2.8.0/xercesImpl-2.8.0.jar:/Users/lti/.m2/repository/xalan/xalan/2.7.0/xalan-2.7.0.jar:/Users/lti/.m2/repository/joda-time/joda-time/2.9/joda-time-2.9.jar:/Users/lti/.m2/repository/de/jollyday/jollyday/0.4.7/jollyday-0.4.7.jar:/Users/lti/.m2/repository/javax/xml/bind/jaxb-api/2.2.7/jaxb-api-2.2.7.jar:/Users/lti/.m2/repository/com/googlecode/efficient-java-matrix-library/ejml/0.23/ejml-0.23.jar:/Users/lti/.m2/repository/javax/json/javax.json-api/1.0/javax.json-api-1.0.jar:/Users/lti/.m2/repository/org/slf4j/slf4j-api/1.7.12/slf4j-api-1.7.12.jar:/Users/lti/.m2/repository/edu/stanford/nlp/stanford-corenlp-models/3.6.0/stanford-corenlp-models-3.6.0.jar:/Users/lti/.m2/repository/org/apache/commons/commons-lang3/3.3.2/commons-lang3-3.3.2.jar:/Users/lti/.m2/repository/org/apache/lucene/lucene-core/6.1.0/lucene-core-6.1.0.jar:/Users/lti/.m2/repository/org/apache/lucene/lucene-analyzers-common/6.1.0/lucene-analyzers-common-6.1.0.jar:/Users/lti/.m2/repository/org/apache/lucene/lucene-queryparser/6.1.0/lucene-queryparser-6.1.0.jar:/Users/lti/.m2/repository/org/apache/lucene/lucene-queries/6.1.0/lucene-queries-6.1.0.jar:/Users/lti/.m2/repository/org/apache/lucene/lucene-sandbox/6.1.0/lucene-sandbox-6.1.0.jar:/Users/lti/.m2/repository/com/github/lucarosellini/rJava/JRI/0.9-7/JRI-0.9-7.jar:/Users/lti/.m2/repository/com/github/lucarosellini/rJava/JRIEngine/0.9-7/JRIEngine-0.9-7.jar:/Users/lti/.m2/repository/com/github/lucarosellini/
Launcher Type: SUN_STANDARD

Environment Variables:
PATH=/usr/bin:/bin:/usr/sbin:/sbin
SHELL=/bin/bash
DISPLAY=/private/tmp/com.apple.launchd.dAxPFhpCFV/org.macosforge.xquartz:0

Signal Handlers:
SIGSEGV: [libjvm.dylib+0x58ef95], sa_mask[0]=11111111011111110111111111111111, sa_flags=SA_ONSTACK|SA_RESTART|SA_SIGINFO
SIGBUS: [libjvm.dylib+0x58ef95], sa_mask[0]=11111111011111110111111111111111, sa_flags=SA_RESTART|SA_SIGINFO
SIGFPE: [libjvm.dylib+0x46c108], sa_mask[0]=11111111011111110111111111111111, sa_flags=SA_RESTART|SA_SIGINFO
SIGPIPE: [libjvm.dylib+0x46c108], sa_mask[0]=11111111011111110111111111111111, sa_flags=SA_RESTART|SA_SIGINFO
SIGXFSZ: [libjvm.dylib+0x46c108], sa_mask[0]=11111111011111110111111111111111, sa_flags=SA_RESTART|SA_SIGINFO
SIGILL: [libjvm.dylib+0x46c108], sa_mask[0]=11111111011111110111111111111111, sa_flags=SA_RESTART|SA_SIGINFO
SIGUSR1: SIG_DFL, sa_mask[0]=00000000000000000000000000000000, sa_flags=none
SIGUSR2: [libjvm.dylib+0x46bc26], sa_mask[0]=00100000000000000000000000000000, sa_flags=SA_RESTART|SA_SIGINFO
SIGHUP: [libjvm.dylib+0x46a1f9], sa_mask[0]=11111111011111110111111111111111, sa_flags=SA_RESTART|SA_SIGINFO
SIGINT: [libjvm.dylib+0x46a1f9], sa_mask[0]=11111111011111110111111111111111, sa_flags=SA_RESTART|SA_SIGINFO
SIGTERM: [libjvm.dylib+0x46a1f9], sa_mask[0]=11111111011111110111111111111111, sa_flags=SA_RESTART|SA_SIGINFO
SIGQUIT: [libjvm.dylib+0x46a1f9], sa_mask[0]=11111111011111110111111111111111, sa_flags=SA_RESTART|SA_SIGINFO


---------------  S Y S T E M  ---------------

OS:Bsduname:Darwin 14.5.0 Darwin Kernel Version 14.5.0: Sun Sep 25 22:07:15 PDT 2016; root:xnu-2782.50.9~1/RELEASE_X86_64 x86_64
rlimit: STACK 8192k, CORE 0k, NPROC 709, NOFILE 10240, AS infinity
load average:2.30 1.86 1.66

CPU:total 4 (4 cores per cpu, 1 threads per core) family 6 model 42 stepping 7, cmov, cx8, fxsr, mmx, sse, sse2, sse3, ssse3, sse4.1, sse4.2, popcnt, avx, aes, clmul, tsc, tscinvbit

Memory: 4k page, physical 4194304k(152360k free)

/proc/meminfo:


vm_info: Java HotSpot(TM) 64-Bit Server VM (25.45-b02) for bsd-amd64 JRE (1.8.0_45-b14), built on Apr 10 2015 10:46:38 by "java_re" with gcc 4.2.1 (Based on Apple Inc. build 5658) (LLVM build 2336.11.00)

time: Tue Mar 14 09:31:17 2017
elapsed time: 72 seconds (0d 0h 1m 12s)

